0.000:MOUSE_ABS:626:288
0.121:MOUSE:1:0
0.121:MOUSE:1:0
0.121:MOUSE:1:0
0.181:MOUSE:1:0
0.181:MOUSE:1:0
0.181:MOUSE:1:0
0.725:MOUSE:1:1
0.725:MOUSE:0:1
0.770:MOUSE:1:1
0.770:MOUSE:1:1
0.770:MOUSE:1:1
0.770:MOUSE:1:1
0.770:MOUSE:1:1
0.770:MOUSE:1:1
0.770:MOUSE:1:1
0.770:MOUSE:1:1
0.770:MOUSE:1:1
0.770:MOUSE:1:1
0.770:MOUSE:1:0
0.770:MOUSE:1:0
0.770:MOUSE:1:0
0.770:MOUSE:1:0
0.770:MOUSE:1:0
0.770:MOUSE:1:0
0.770:MOUSE:1:0
0.770:MOUSE:1:0
0.770:MOUSE:1:0
1.080:MOUSE:1:1
1.080:MOUSE:1:1
1.080:MOUSE:1:1
1.080:MOUSE:1:1
1.080:MOUSE:1:1
1.080:MOUSE:1:1
1.080:MOUSE:1:1
1.080:MOUSE:1:1
1.080:MOUSE:1:1
1.080:MOUSE:1:1
1.080:MOUSE:1:1
1.080:MOUSE:1:1
1.080:MOUSE:1:1
1.080:MOUSE:1:1
1.080:MOUSE:1:1
1.080:MOUSE:1:1
1.080:MOUSE:1:1
1.080:MOUSE:1:1
1.080:MOUSE:1:0
1.080:MOUSE:1:0
1.080:MOUSE:1:0
1.080:MOUSE:1:0
1.080:MOUSE:1:0
1.080:MOUSE:1:0
1.080:MOUSE:1:0
1.080:MOUSE:1:0
1.080:MOUSE:1:0
1.080:MOUSE:1:0
1.080:MOUSE:1:0
1.080:MOUSE:1:0
1.080:MOUSE:1:0
1.080:MOUSE:1:0
1.080:MOUSE:1:0
1.080:MOUSE:1:0
1.080:MOUSE:1:0
1.080:MOUSE:1:0
1.080:MOUSE:1:0
1.080:MOUSE:1:0
1.080:MOUSE:1:0
1.080:MOUSE:1:0
1.080:MOUSE:1:0
1.080:MOUSE:1:0
1.080:MOUSE:1:0
1.080:MOUSE:1:0
1.080:MOUSE:1:0
1.080:MOUSE:1:0
1.080:MOUSE:1:0
1.080:MOUSE:1:0
1.080:MOUSE:1:0
1.080:MOUSE:1:0
1.080:MOUSE:1:0
1.080:MOUSE:1:0
1.080:MOUSE:1:0
1.080:MOUSE:1:0
1.080:MOUSE:1:0
1.080:MOUSE:1:0
1.080:MOUSE:1:0
1.080:MOUSE:1:0
1.080:MOUSE:1:0
1.080:MOUSE:1:0
1.080:MOUSE:1:0
1.080:MOUSE:1:0
1.080:MOUSE:1:0
1.080:MOUSE:1:0
1.080:MOUSE:1:0
1.080:MOUSE:1:0
1.080:MOUSE:1:0
1.080:MOUSE:1:0
1.080:MOUSE:1:0
1.080:MOUSE:1:0
1.080:MOUSE:1:0
1.080:MOUSE:1:0
1.080:MOUSE:1:0
1.080:MOUSE:1:0
1.080:MOUSE:1:0
1.080:MOUSE:1:0
1.080:MOUSE:1:0
1.080:MOUSE:1:0
1.080:MOUSE:1:0
1.080:MOUSE:1:0
1.080:MOUSE:1:0
1.080:MOUSE:1:0
1.080:MOUSE:1:0
1.080:MOUSE:1:0
1.080:MOUSE:1:0
1.080:MOUSE:1:0
1.080:MOUSE:1:0
1.080:MOUSE:1:0
1.080:MOUSE:1:0
1.080:MOUSE:1:0
1.080:MOUSE:1:0
1.080:MOUSE:1:0
1.080:MOUSE:1:0
1.080:MOUSE:1:0
1.080:MOUSE:1:0
1.080:MOUSE:1:0
1.080:MOUSE:1:0
1.080:MOUSE:1:0
1.080:MOUSE:1:0
1.080:MOUSE:1:0
1.080:MOUSE:1:0
1.080:MOUSE_BTN:RIGHT:DOWN
2.661:MOUSE:1:0
2.661:MOUSE:1:0
2.661:MOUSE:1:0
2.661:MOUSE:1:0
2.661:MOUSE:1:0
2.661:MOUSE:1:0
2.661:MOUSE:1:0
2.661:MOUSE:1:0
2.661:MOUSE:1:0
2.661:MOUSE:1:0
2.661:MOUSE:1:0
2.661:MOUSE:1:0
2.661:MOUSE:1:0
2.661:MOUSE:1:0
2.661:MOUSE:1:0
2.661:MOUSE:1:0
2.661:MOUSE:1:0
2.661:MOUSE:1:0
2.661:MOUSE:1:0
2.661:MOUSE:1:0
2.661:MOUSE:1:0
2.661:MOUSE:1:0
3.015:MOUSE:-1:0
3.015:MOUSE:-1:0
3.218:MOUSE:-1:0
3.249:MOUSE:1:0
3.326:MOUSE:-1:0
3.326:MOUSE:-1:0
3.374:MOUSE:1:0
3.374:MOUSE:1:0
3.419:MOUSE:-1:0
3.419:MOUSE:-1:0
3.465:MOUSE:-1:0
3.465:MOUSE:-1:0
3.528:MOUSE:-1:0
3.528:MOUSE:-1:0
3.528:MOUSE:-1:0
3.528:MOUSE:-1:0
3.528:MOUSE:-1:0
3.528:MOUSE:-1:0
3.528:MOUSE:-1:0
3.653:MOUSE:1:0
3.653:MOUSE:1:0
3.699:MOUSE:1:0
3.699:MOUSE:1:0
3.699:MOUSE:1:0
3.699:MOUSE:1:0
3.699:MOUSE:1:0
3.792:MOUSE:-1:0
3.792:MOUSE:-1:0
3.792:MOUSE:-1:0
3.792:MOUSE:-1:0
3.792:MOUSE:-1:0
3.792:MOUSE:-1:0
3.792:MOUSE:-1:0
3.792:MOUSE:-1:0
3.931:MOUSE:1:0
3.931:MOUSE:1:0
3.931:MOUSE:1:0
3.931:MOUSE:1:0
3.931:MOUSE:1:0
4.024:MOUSE:1:0
4.024:MOUSE:1:0
4.024:MOUSE:1:0
4.024:MOUSE:1:0
4.101:MOUSE:1:0
4.131:MOUSE:-1:0
4.131:MOUSE:-1:0
4.177:MOUSE:1:0
4.177:MOUSE:1:0
4.177:MOUSE:1:0
4.239:MOUSE:1:0
4.736:MOUSE_BTN:RIGHT:UP
5.299:MOUSE_BTN:RIGHT:DOWN
5.485:MOUSE:-1:0
5.485:MOUSE:-1:0
5.485:MOUSE:-1:0
5.485:MOUSE:-1:0
5.485:MOUSE:-1:0
5.485:MOUSE:-1:0
5.485:MOUSE:-1:0
5.624:MOUSE:-1:0
5.624:MOUSE:-1:0
5.624:MOUSE:-1:0
5.624:MOUSE:-1:0
5.624:MOUSE:-1:0
5.624:MOUSE:-1:0
5.624:MOUSE:-1:0
5.624:MOUSE:-1:0
5.624:MOUSE:-1:0
5.624:MOUSE:-1:0
5.624:MOUSE:-1:0
5.624:MOUSE:-1:0
5.624:MOUSE:-1:0
5.624:MOUSE:-1:0
5.624:MOUSE:-1:0
5.624:MOUSE:-1:0
5.903:MOUSE:1:0
5.903:MOUSE:1:0
5.903:MOUSE:1:0
5.903:MOUSE:1:0
5.903:MOUSE:1:0
5.903:MOUSE:1:0
5.903:MOUSE:1:0
5.903:MOUSE:1:0
5.903:MOUSE:1:0
5.903:MOUSE:1:0
5.903:MOUSE:1:0
6.104:MOUSE:1:0
6.104:MOUSE:1:0
6.291:MOUSE:1:0
6.291:MOUSE:1:0
6.291:MOUSE:1:0
6.291:MOUSE:1:0
6.291:MOUSE:1:0
6.291:MOUSE:1:0
6.291:MOUSE:1:0
6.291:MOUSE:1:0
6.291:MOUSE:1:0
6.291:MOUSE:1:0
6.291:MOUSE:1:0
6.491:MOUSE:-1:0
6.491:MOUSE:-1:0
6.491:MOUSE:-1:0
6.491:MOUSE:-1:0
6.491:MOUSE:-1:0
6.491:MOUSE:-1:0
6.616:MOUSE:1:0
6.616:MOUSE:1:0
6.678:MOUSE:-1:0
6.678:MOUSE:-1:0
6.678:MOUSE:-1:0
6.678:MOUSE:-1:0
6.866:MOUSE:-1:0
6.912:MOUSE:-1:0
6.959:MOUSE:-1:0
7.098:MOUSE:-1:0
7.177:MOUSE:-1:0
7.223:MOUSE:1:0
7.223:MOUSE:1:0
7.471:MOUSE_BTN:RIGHT:UP
