0.000:MOUSE_ABS:768:432
1.400:MOUSE:3:0
1.446:MOUSE:-3:0
1.477:MOUSE:2:0
1.508:MOUSE:0:1
1.569:MOUSE:2:0
1.615:MOUSE:-2:-1
1.661:MOUSE:4:1
1.708:MOUSE:-6:-1
1.755:MOUSE:8:1
1.801:MOUSE:-4:-1
1.832:MOUSE:4:0
1.879:MOUSE:1:2
1.925:MOUSE:7:0
1.986:MOUSE:-10:0
2.033:MOUSE:-3:-1
2.095:MOUSE:-3:-1
2.157:MOUSE:2:1
2.219:MOUSE:6:1
2.265:MOUSE:-8:-2
2.311:MOUSE:4:1
2.389:MOUSE:-4:-1
2.976:MOUSE:4:1
3.024:MOUSE:-2:-1
3.085:MOUSE:-2:0
3.132:MOUSE:9:1
3.194:MOUSE:-9:-1
3.239:MOUSE:9:1
3.301:MOUSE:-9:-1
3.363:MOUSE:8:2
3.456:MOUSE:-1:-1
3.518:MOUSE:-5:0
3.579:MOUSE:1:-1
3.640:MOUSE:-3:0
3.702:MOUSE:2:1
3.749:MOUSE:-2:-1
3.873:MOUSE:1:0
3.920:MOUSE:-1:0
4.167:MOUSE:-1:0
4.230:MOUSE:-4:0
4.292:MOUSE:-5:0
4.354:MOUSE:10:0
4.416:MOUSE:-14:-1
4.477:MOUSE:14:1
4.540:MOUSE:-6:0
4.664:MOUSE:2:0
4.726:MOUSE:-6:0
4.789:MOUSE:10:0
4.852:MOUSE:-8:-1
4.913:MOUSE:4:1
4.975:MOUSE:2:0
5.036:MOUSE:2:0
5.935:MOUSE:-4:0
5.998:MOUSE:4:0
6.059:MOUSE:-6:0
6.105:MOUSE:-1:0
6.152:MOUSE:-1:0
6.199:MOUSE:5:-1
6.246:MOUSE:3:1
6.294:MOUSE:-3:0
6.372:MOUSE:-3:0
6.433:MOUSE:6:0
6.496:MOUSE:-2:0
6.542:MOUSE:2:0
6.805:MOUSE:-3:0
6.851:MOUSE:-5:0
6.898:MOUSE:5:0
6.944:MOUSE:-5:-1
6.990:MOUSE:-1:0
7.052:MOUSE:5:1
7.129:MOUSE:2:0
7.176:MOUSE:1:0
7.222:MOUSE:-2:0
7.283:MOUSE:-5:2
7.329:MOUSE:8:-2
7.731:MOUSE:2:0
7.793:MOUSE:12:0
7.855:MOUSE:-8:0
7.917:MOUSE:7:0
7.963:MOUSE:-13:0
8.010:MOUSE:11:0
8.072:MOUSE:-5:0
8.134:MOUSE:-6:0
8.195:MOUSE:10:0
8.241:MOUSE:-10:0
8.303:MOUSE:3:0
8.365:MOUSE:3:0
8.426:MOUSE:-3:0
8.487:MOUSE:4:0
8.549:MOUSE:-3:0
8.595:MOUSE:1:0
8.657:MOUSE:-5:0
8.749:MOUSE:1:0
8.812:MOUSE:-1:0
8.873:MOUSE:2:0
8.935:MOUSE:-2:0
