0.000:MOUSE_ABS:617:289
1.808:MOUSE:1:1
1.855:MOUSE:8:8
1.885:MOUSE:1:1
2.103:MOUSE:1:1
2.136:MOUSE:9:7
2.180:MOUSE:13:9
2.212:MOUSE:4:4
2.243:MOUSE:8:7
2.274:MOUSE:10:11
2.305:MOUSE:7:9
2.337:MOUSE:8:9
2.367:MOUSE:9:10
2.398:MOUSE:7:8
2.429:MOUSE:4:5
2.459:MOUSE:4:4
2.491:MOUSE:2:1
2.522:MOUSE:2:2
2.553:MOUSE:4:2
2.584:MOUSE:5:3
2.615:MOUSE:6:4
2.646:MOUSE:6:4
2.677:MOUSE:5:3
2.708:MOUSE:4:1
2.740:MOUSE:3:3
2.770:MOUSE:3:1
2.802:MOUSE:3:1
2.832:MOUSE:5:4
2.864:MOUSE:3:2
2.894:MOUSE:1:0
3.050:MOUSE:1:-3
3.081:MOUSE:0:-1
3.637:MOUSE:4:0
3.668:MOUSE:9:0
3.699:MOUSE:13:2
3.732:MOUSE:7:2
3.761:MOUSE:3:1
3.793:MOUSE:4:1
3.823:MOUSE:4:3
3.854:MOUSE:3:3
3.885:MOUSE:3:1
3.915:MOUSE:5:3
3.946:MOUSE:7:4
3.978:MOUSE:8:2
4.008:MOUSE:8:3
4.039:MOUSE:8:3
4.071:MOUSE:8:1
4.101:MOUSE:6:3
4.132:MOUSE:2:2
4.164:MOUSE:4:3
4.194:MOUSE:5:5
4.225:MOUSE:6:7
4.256:MOUSE:7:8
4.287:MOUSE:6:8
4.318:MOUSE:8:12
4.349:MOUSE:8:11
4.380:MOUSE:5:8
4.412:MOUSE:5:9
4.442:MOUSE:3:7
4.473:MOUSE:4:8
4.505:MOUSE:2:8
4.536:MOUSE:2:8
4.566:MOUSE:0:10
4.598:MOUSE:0:7
4.627:MOUSE:0:1
4.658:MOUSE:0:2
4.783:MOUSE:-3:1
4.813:MOUSE:-6:3
4.844:MOUSE:-6:1
4.875:MOUSE:-2:1
5.650:MOUSE:0:2
5.680:MOUSE:0:4
5.710:MOUSE:0:5
5.741:MOUSE:0:7
5.772:MOUSE:-1:5
5.803:MOUSE:-1:7
5.833:MOUSE:-2:8
5.864:MOUSE:-4:6
5.895:MOUSE:-4:10
5.926:MOUSE:-4:9
5.958:MOUSE:-4:9
5.988:MOUSE:-4:10
6.019:MOUSE:-8:12
6.050:MOUSE:-8:10
6.082:MOUSE:-6:11
6.113:MOUSE:-8:9
6.145:MOUSE:-7:6
6.192:MOUSE:-11:8
6.223:MOUSE:-10:4
6.253:MOUSE:-11:5
6.285:MOUSE:-11:3
6.315:MOUSE:-6:2
6.347:MOUSE:-7:3
6.393:MOUSE:-8:3
6.424:MOUSE:-4:0
6.454:MOUSE:-7:1
6.486:MOUSE:-5:0
6.517:MOUSE:-4:0
6.548:MOUSE:-3:0
6.594:MOUSE:-6:-2
6.626:MOUSE:-3:-1
6.656:MOUSE:-1:-1
6.704:MOUSE:-2:0
7.244:MOUSE:-2:0
7.275:MOUSE:-10:-2
7.307:MOUSE:-10:-2
7.337:MOUSE:-10:-3
7.368:MOUSE:-8:-2
7.399:MOUSE:-13:-5
7.429:MOUSE:-15:-5
7.475:MOUSE:-20:-9
7.507:MOUSE:-8:-6
7.538:MOUSE:-9:-7
7.568:MOUSE:-8:-6
7.599:MOUSE:-11:-9
7.631:MOUSE:-8:-9
7.661:MOUSE:-6:-12
7.693:MOUSE:-6:-11
7.723:MOUSE:-4:-10
7.754:MOUSE:-4:-8
7.785:MOUSE:0:-8
7.816:MOUSE:-1:-7
7.847:MOUSE:0:-8
7.893:MOUSE:0:-12
7.923:MOUSE:0:-5
7.970:MOUSE:0:-7
8.016:MOUSE:1:-6
8.046:MOUSE:0:-3
8.078:MOUSE:0:-1
8.637:MOUSE:0:-6
8.668:MOUSE:3:-8
8.698:MOUSE:5:-10
8.730:MOUSE:6:-9
8.761:MOUSE:6:-10
8.792:MOUSE:6:-10
8.822:MOUSE:11:-13
8.853:MOUSE:10:-12
8.884:MOUSE:9:-10
8.915:MOUSE:10:-11
8.948:MOUSE:10:-10
8.993:MOUSE:13:-13
9.025:MOUSE:8:-8
9.057:MOUSE:5:-6
9.102:MOUSE:9:-7
9.134:MOUSE:7:-5
9.164:MOUSE:5:-3
9.211:MOUSE:8:-4
9.258:MOUSE:10:-2
9.289:MOUSE:4:-1
9.320:MOUSE:2:0
9.351:MOUSE:2:0
9.382:MOUSE:3:0
9.427:MOUSE:1:0
9.598:MOUSE:2:0
9.645:MOUSE:4:1
10.219:MOUSE_BTN:RIGHT:DOWN
11.240:MOUSE:1:0
11.287:MOUSE:-1:0
11.442:MOUSE:1:1
11.490:MOUSE:0:-1
11.534:MOUSE:0:1
11.611:MOUSE:-1:-1
11.642:MOUSE:4:1
11.673:MOUSE:-2:-1
11.705:MOUSE:-2:0
11.751:MOUSE:1:0
11.797:MOUSE:0:2
11.844:MOUSE:-1:-2
11.891:MOUSE:3:3
11.921:MOUSE:-1:-1
11.968:MOUSE:0:-2
12.016:MOUSE:-2:0
12.046:MOUSE:2:0
12.077:MOUSE:3:2
12.122:MOUSE:-2:-2
12.168:MOUSE:-3:0
12.200:MOUSE:2:0
12.262:MOUSE:-2:0
12.308:MOUSE:4:0
12.338:MOUSE:-4:0
12.370:MOUSE:2:1
12.417:MOUSE:0:-1
12.447:MOUSE:-2:0
12.478:MOUSE:2:1
12.509:MOUSE:3:0
12.555:MOUSE:-2:1
12.602:MOUSE:-2:-2
12.633:MOUSE:2:0
12.665:MOUSE:-1:0
12.711:MOUSE:-1:0
12.743:MOUSE:1:1
12.821:MOUSE:-1:-1
12.867:MOUSE:-1:0
12.898:MOUSE:4:0
12.945:MOUSE:-3:0
12.976:MOUSE:-1:0
13.007:MOUSE:3:1
13.053:MOUSE:0:-1
13.099:MOUSE:-3:0
13.145:MOUSE:4:2
13.177:MOUSE:-1:-1
13.223:MOUSE:-3:-1
13.301:MOUSE:1:0
13.377:MOUSE:-1:0
14.289:MOUSE:5:2
14.336:MOUSE:-5:-2
14.382:MOUSE:2:1
14.429:MOUSE:3:1
14.475:MOUSE:-5:-2
14.522:MOUSE:4:1
14.569:MOUSE:-1:0
14.599:MOUSE:-2:-1
14.646:MOUSE:0:1
14.678:MOUSE:-1:-1
14.785:MOUSE:3:0
14.832:MOUSE:-3:0
14.862:MOUSE:3:0
14.894:MOUSE:3:1
14.940:MOUSE:-6:-1
14.987:MOUSE:2:1
15.033:MOUSE:1:1
15.080:MOUSE:-3:-2
15.125:MOUSE:4:2
15.172:MOUSE:0:-1
15.218:MOUSE:-2:-1
15.265:MOUSE:-2:0
15.341:MOUSE:4:1
15.388:MOUSE:-4:-1
15.464:MOUSE:1:0
15.511:MOUSE:-1:0
15.557:MOUSE:1:0
15.603:MOUSE:-1:0
17.014:MOUSE_BTN:RIGHT:UP
17.371:MOUSE_BTN:LEFT:DOWN
17.884:MOUSE:-1:0
17.930:MOUSE:-1:0
17.963:MOUSE:2:0
18.009:MOUSE:-2:0
18.057:MOUSE:-2:0
18.102:MOUSE:1:0
18.149:MOUSE:3:0
18.226:MOUSE:-4:0
18.274:MOUSE:-5:0
18.320:MOUSE:6:0
18.367:MOUSE:3:0
18.413:MOUSE:-8:0
18.459:MOUSE:8:0
18.537:MOUSE:-6:0
18.583:MOUSE:6:0
18.630:MOUSE:-3:0
18.675:MOUSE:3:0
18.721:MOUSE:-3:0
18.753:MOUSE:-1:1
18.800:MOUSE:2:1
18.846:MOUSE:0:-1
18.893:MOUSE:2:-1
19.434:MOUSE:-1:0
19.481:MOUSE:-3:0
19.527:MOUSE:1:0
19.573:MOUSE:3:0
19.649:MOUSE:-2:0
19.696:MOUSE:2:0
19.741:MOUSE:-1:0
19.788:MOUSE:-1:0
19.835:MOUSE:2:0
19.913:MOUSE:-1:0
19.960:MOUSE:-1:0
20.006:MOUSE:2:0
20.053:MOUSE:-1:0
20.100:MOUSE:1:0
20.146:MOUSE:-1:0
20.192:MOUSE:1:0
20.457:MOUSE:-2:0
20.503:MOUSE:2:0
21.202:MOUSE:-3:0
21.249:MOUSE:-2:0
21.296:MOUSE:-1:-1
21.342:MOUSE:6:1
21.389:MOUSE:-6:0
21.466:MOUSE:2:0
21.515:MOUSE:4:0
21.560:MOUSE:-4:0
21.606:MOUSE:0:-1
21.652:MOUSE:4:1
21.699:MOUSE:-5:0
21.745:MOUSE:2:-1
21.792:MOUSE:3:1
21.838:MOUSE:-3:0
21.885:MOUSE:-4:-1
21.931:MOUSE:7:1
22.008:MOUSE:-6:-1
22.054:MOUSE:3:1
22.101:MOUSE:3:0
22.146:MOUSE:-2:0
22.193:MOUSE:-2:0
22.240:MOUSE:4:0
22.287:MOUSE:-3:-1
22.333:MOUSE:3:1
23.095:MOUSE_BTN:LEFT:UP
