0.000:MOUSE_ABS:639:288
0.074:MOUSE:3:0
0.089:MOUSE:4:0
0.104:MOUSE:2:0
0.120:MOUSE:6:0
0.135:MOUSE:6:0
0.151:MOUSE:10:0
0.167:MOUSE:13:2
0.197:MOUSE:23:1
0.213:MOUSE:12:0
0.229:MOUSE:5:0
0.259:MOUSE:7:0
0.618:MOUSE_BTN:RIGHT:DOWN
0.710:MOUSE:1:2
0.725:MOUSE:0:2
0.741:MOUSE:3:4
0.757:MOUSE:0:5
0.787:MOUSE:0:-2
0.803:MOUSE:-2:3
0.819:MOUSE:1:-4
0.849:MOUSE:0:3
0.865:MOUSE:-1:-6
0.881:MOUSE:0:3
0.896:MOUSE:0:-3
0.927:MOUSE:0:5
0.944:MOUSE:0:-3
0.974:MOUSE:0:1
0.990:MOUSE:0:1
1.037:MOUSE:0:1
1.053:MOUSE:0:3
1.083:MOUSE:0:1
1.099:MOUSE:0:-5
1.130:MOUSE:0:-4
1.161:MOUSE:0:2
1.177:MOUSE:0:2
1.193:MOUSE:0:-1
1.224:MOUSE:0:-3
1.409:MOUSE_BTN:RIGHT:UP
1.518:MOUSE:2:0
1.534:MOUSE:3:-2
1.549:MOUSE:4:-2
1.565:MOUSE:4:-2
1.597:MOUSE:1:-1
1.998:MOUSE_BTN:RIGHT:DOWN
2.154:MOUSE:-9:2
2.216:MOUSE:-11:0
2.247:MOUSE:-6:0
2.278:MOUSE:10:0
2.309:MOUSE:7:0
2.341:MOUSE:-5:1
2.372:MOUSE:0:-1
2.403:MOUSE:-3:1
2.434:MOUSE:4:0
2.464:MOUSE:-1:-1
2.495:MOUSE:5:0
2.525:MOUSE:-3:0
2.557:MOUSE:3:0
3.082:MOUSE:1:0
3.113:MOUSE:1:-1
3.144:MOUSE:2:1
3.175:MOUSE:-4:0
3.206:MOUSE:4:0
3.239:MOUSE:-4:0
3.299:MOUSE:4:0
3.362:MOUSE:-1:0
3.424:MOUSE:-1:0
3.454:MOUSE:1:0
3.486:MOUSE:1:0
3.517:MOUSE:-4:0
3.639:MOUSE:3:0
3.671:MOUSE:-3:0
3.702:MOUSE:2:0
3.733:MOUSE:-1:0
3.764:MOUSE:-1:0
4.013:MOUSE_BTN:RIGHT:UP
4.137:MOUSE:1:0
4.168:MOUSE:8:-1
4.201:MOUSE:4:0
4.324:MOUSE_BTN:LEFT:DOWN
4.446:MOUSE:10:0
4.477:MOUSE:10:0
4.508:MOUSE:5:0
4.539:MOUSE:-1:0
4.571:MOUSE:-14:0
4.604:MOUSE:6:0
4.633:MOUSE:-1:0
4.664:MOUSE:5:0
4.696:MOUSE:-6:0
4.726:MOUSE:-4:0
4.818:MOUSE:2:0
4.880:MOUSE:4:0
4.912:MOUSE:-2:0
4.943:MOUSE:-4:0
5.190:MOUSE:-1:0
5.221:MOUSE:1:0
5.252:MOUSE:-4:0
5.284:MOUSE:2:0
5.315:MOUSE:-2:0
5.346:MOUSE:4:0
5.377:MOUSE:-10:0
5.408:MOUSE:1:0
5.439:MOUSE:9:0
5.470:MOUSE:-5:0
5.501:MOUSE:-7:0
5.532:MOUSE:6:0
5.564:MOUSE:2:0
5.593:MOUSE:-2:0
5.624:MOUSE:1:0
5.655:MOUSE:1:0
5.686:MOUSE:1:0
5.717:MOUSE:1:0
5.747:MOUSE:-2:0
5.778:MOUSE:4:0
6.402:MOUSE_BTN:LEFT:UP
