0.000:MOUSE_ABS:632:287
0.601:MOUSE:1:0
0.631:MOUSE:1:1
0.987:MOUSE:1:0
0.987:MOUSE:1:0
0.987:MOUSE:1:0
0.987:MOUSE:1:0
1.065:MOUSE:1:0
1.065:MOUSE:1:0
1.065:MOUSE:1:0
1.065:MOUSE:1:0
1.065:MOUSE:1:0
1.065:MOUSE:1:0
1.065:MOUSE:1:0
1.065:MOUSE:1:0
1.065:MOUSE:1:0
1.065:MOUSE:1:0
1.065:MOUSE:1:0
1.065:MOUSE:1:0
1.065:MOUSE:1:0
1.065:MOUSE:1:0
1.065:MOUSE:1:0
1.065:MOUSE:1:0
1.065:MOUSE:1:0
1.065:MOUSE:1:0
1.065:MOUSE:1:0
1.065:MOUSE:1:0
1.065:MOUSE:1:0
1.065:MOUSE:1:0
1.065:MOUSE:1:0
1.065:MOUSE:1:0
1.065:MOUSE:1:0
1.065:MOUSE:1:0
1.065:MOUSE:1:0
1.065:MOUSE:1:0
1.065:MOUSE:1:0
1.065:MOUSE:1:0
1.065:MOUSE:1:0
1.065:MOUSE:1:0
1.065:MOUSE:1:0
1.065:MOUSE:1:0
1.065:MOUSE:1:0
1.065:MOUSE:1:0
1.065:MOUSE:1:0
1.065:MOUSE:1:0
1.065:MOUSE:1:0
1.065:MOUSE:1:0
1.065:MOUSE:1:0
1.065:MOUSE:1:0
1.065:MOUSE:1:0
1.065:MOUSE:1:0
1.065:MOUSE:1:0
1.065:MOUSE:1:0
1.065:MOUSE:1:0
1.808:MOUSE:1:1
1.808:MOUSE:1:1
1.808:MOUSE:1:0
1.808:MOUSE:1:0
1.808:MOUSE:1:0
1.808:MOUSE:1:0
1.808:MOUSE:1:0
1.808:MOUSE:1:0
1.808:MOUSE:1:0
1.808:MOUSE:1:0
1.808:MOUSE:1:0
1.808:MOUSE:1:0
1.808:MOUSE:1:0
1.808:MOUSE:1:0
1.808:MOUSE:1:0
1.808:MOUSE:1:0
1.808:MOUSE:1:0
1.808:MOUSE:1:0
1.808:MOUSE:1:0
1.808:MOUSE:1:0
1.808:MOUSE:1:0
1.808:MOUSE:1:0
1.808:MOUSE:1:0
1.808:MOUSE:1:0
1.808:MOUSE:1:0
1.808:MOUSE:1:0
1.808:MOUSE:1:0
1.808:MOUSE:1:0
1.808:MOUSE:1:0
1.808:MOUSE:1:0
1.808:MOUSE:1:0
1.808:MOUSE:1:0
1.808:MOUSE:1:0
1.808:MOUSE:1:0
1.808:MOUSE:1:0
1.808:MOUSE:1:0
1.808:MOUSE:1:0
1.808:MOUSE:1:0
1.808:MOUSE:1:0
1.808:MOUSE:1:0
1.808:MOUSE:1:0
1.808:MOUSE:1:0
1.808:MOUSE:1:0
1.808:MOUSE:1:0
1.808:MOUSE:1:0
1.808:MOUSE:1:0
1.808:MOUSE:1:0
1.808:MOUSE:1:0
1.808:MOUSE:1:0
1.808:MOUSE:1:0
1.808:MOUSE:1:0
1.808:MOUSE:1:0
1.808:MOUSE:1:0
1.808:MOUSE:1:0
1.808:MOUSE:1:0
1.808:MOUSE:1:0
1.808:MOUSE:1:0
1.808:MOUSE:1:0
1.808:MOUSE:1:0
1.808:MOUSE:1:0
1.808:MOUSE:1:0
1.808:MOUSE:1:0
1.808:MOUSE:1:0
1.808:MOUSE:1:0
1.808:MOUSE:1:0
1.808:MOUSE:1:0
1.808:MOUSE:1:0
1.808:MOUSE:1:0
1.808:MOUSE:1:0
1.808:MOUSE:1:0
1.808:MOUSE:1:0
1.808:MOUSE:1:0
1.808:MOUSE:1:0
1.808:MOUSE:1:0
1.808:MOUSE:1:0
1.808:MOUSE:1:0
1.808:MOUSE:1:0
1.808:MOUSE:1:0
1.808:MOUSE:1:0
1.808:MOUSE:1:0
1.808:MOUSE:1:0
1.808:MOUSE:1:0
1.808:MOUSE:1:0
1.808:MOUSE:1:0
1.808:MOUSE:1:0
1.808:MOUSE:1:0
1.808:MOUSE:1:0
1.808:MOUSE:1:0
1.808:MOUSE:1:0
1.808:MOUSE:1:0
1.808:MOUSE:1:0
1.808:MOUSE:1:0
1.808:MOUSE:1:0
1.808:MOUSE:1:0
1.808:MOUSE:1:0
1.808:MOUSE:1:0
1.808:MOUSE:1:0
1.808:MOUSE:1:0
1.808:MOUSE:1:0
1.808:MOUSE:1:0
1.808:MOUSE:1:0
1.808:MOUSE:1:0
1.808:MOUSE:1:0
1.808:MOUSE:1:0
1.808:MOUSE:1:0
1.808:MOUSE:1:0
1.808:MOUSE:1:0
1.808:MOUSE:1:0
1.808:MOUSE:1:0
1.808:MOUSE:1:0
1.808:MOUSE:1:0
1.808:MOUSE:1:0
1.808:MOUSE:1:0
3.570:MOUSE:1:1
3.570:MOUSE:1:1
3.570:MOUSE:1:1
3.570:MOUSE:1:1
3.570:MOUSE:1:1
3.570:MOUSE:1:1
3.570:MOUSE:1:1
3.570:MOUSE:1:1
3.570:MOUSE:1:1
3.570:MOUSE:1:1
3.570:MOUSE:1:1
3.570:MOUSE:1:1
3.570:MOUSE:1:1
3.570:MOUSE:1:1
3.570:MOUSE:1:1
3.570:MOUSE:1:1
3.570:MOUSE:1:1
3.570:MOUSE:1:1
3.570:MOUSE:1:1
3.570:MOUSE:1:1
3.570:MOUSE:1:1
3.570:MOUSE:1:1
3.570:MOUSE:1:1
3.570:MOUSE:1:1
3.570:MOUSE:1:1
3.570:MOUSE:1:1
3.570:MOUSE:1:1
3.570:MOUSE:1:1
3.570:MOUSE:1:1
3.570:MOUSE:1:1
3.570:MOUSE:1:1
3.570:MOUSE:1:1
3.570:MOUSE:1:1
3.570:MOUSE:1:1
3.570:MOUSE:1:1
3.570:MOUSE:1:1
3.570:MOUSE:1:1
3.570:MOUSE:1:1
3.570:MOUSE:1:1
3.570:MOUSE:1:1
3.570:MOUSE:1:1
3.570:MOUSE:1:1
3.570:MOUSE:1:1
3.570:MOUSE:1:1
3.570:MOUSE:1:1
3.570:MOUSE:1:1
3.570:MOUSE:1:1
3.570:MOUSE:1:1
3.570:MOUSE:1:1
3.570:MOUSE:1:1
3.570:MOUSE:1:1
3.570:MOUSE:1:1
3.570:MOUSE:1:1
3.570:MOUSE:1:1
3.570:MOUSE:1:1
3.570:MOUSE:1:1
3.570:MOUSE:1:1
3.570:MOUSE:1:1
3.570:MOUSE:1:1
3.570:MOUSE:1:1
3.570:MOUSE:1:1
3.570:MOUSE:1:1
3.570:MOUSE:1:1
3.570:MOUSE:1:1
3.570:MOUSE:1:1
3.570:MOUSE:1:1
3.570:MOUSE:1:1
3.570:MOUSE:1:1
3.570:MOUSE:1:1
3.570:MOUSE:1:1
3.570:MOUSE:1:1
3.570:MOUSE:1:1
3.570:MOUSE:1:1
3.570:MOUSE:1:1
3.570:MOUSE:1:1
3.570:MOUSE:1:1
3.570:MOUSE:1:1
3.570:MOUSE:1:1
3.570:MOUSE:1:1
3.570:MOUSE:1:1
3.570:MOUSE:1:1
3.570:MOUSE:1:1
3.570:MOUSE:1:1
3.570:MOUSE:1:1
3.570:MOUSE:1:1
3.570:MOUSE:1:1
3.570:MOUSE:1:1
3.570:MOUSE:1:1
3.570:MOUSE:1:1
3.570:MOUSE:1:1
3.570:MOUSE:1:1
3.570:MOUSE:1:1
3.570:MOUSE:1:1
3.570:MOUSE:1:1
3.570:MOUSE:1:1
3.570:MOUSE:1:1
3.570:MOUSE:1:1
3.570:MOUSE:1:1
3.570:MOUSE:1:1
3.570:MOUSE:1:1
3.570:MOUSE:1:1
3.570:MOUSE:1:1
3.570:MOUSE:1:1
3.570:MOUSE:1:1
3.570:MOUSE:1:1
3.570:MOUSE:1:1
3.570:MOUSE:1:1
3.570:MOUSE:1:1
3.570:MOUSE:1:1
3.570:MOUSE:1:1
3.570:MOUSE:1:1
3.570:MOUSE:1:1
3.570:MOUSE:1:1
3.570:MOUSE:1:1
3.570:MOUSE:1:1
3.570:MOUSE:1:1
3.570:MOUSE:1:1
3.570:MOUSE:1:1
3.570:MOUSE:1:1
3.570:MOUSE:1:1
3.570:MOUSE:1:1
3.570:MOUSE:1:1
3.570:MOUSE:1:1
3.570:MOUSE:1:1
3.570:MOUSE:1:1
3.570:MOUSE:1:1
3.570:MOUSE:1:1
3.570:MOUSE:1:1
3.570:MOUSE:1:0
3.570:MOUSE:1:0
3.570:MOUSE:1:0
3.570:MOUSE:1:0
3.570:MOUSE:1:0
3.570:MOUSE:1:0
3.570:MOUSE:1:0
3.570:MOUSE:1:0
3.570:MOUSE:1:0
3.570:MOUSE:1:0
3.570:MOUSE:1:0
3.570:MOUSE:1:0
3.570:MOUSE:1:0
3.570:MOUSE:1:0
3.570:MOUSE:1:0
3.570:MOUSE:1:0
3.570:MOUSE:1:0
3.570:MOUSE:1:0
3.570:MOUSE:1:0
3.570:MOUSE:1:0
3.570:MOUSE:1:0
3.570:MOUSE:1:0
3.570:MOUSE:1:0
3.570:MOUSE:1:0
3.570:MOUSE:1:0
3.570:MOUSE:1:0
3.570:MOUSE:1:0
3.570:MOUSE:1:0
3.570:MOUSE:1:0
3.570:MOUSE:1:0
3.570:MOUSE:1:0
3.570:MOUSE:1:0
3.570:MOUSE:1:0
3.570:MOUSE:1:0
3.570:MOUSE:1:0
3.570:MOUSE:1:0
3.570:MOUSE:1:0
3.570:MOUSE:1:0
3.570:MOUSE:1:0
3.570:MOUSE:1:0
3.570:MOUSE:1:0
3.570:MOUSE:1:0
3.570:MOUSE:1:0
3.570:MOUSE:1:0
3.570:MOUSE_BTN:RIGHT:DOWN
6.257:MOUSE:-1:-1
6.257:MOUSE:-1:-1
6.257:MOUSE:-1:-1
6.257:MOUSE:-1:-1
6.257:MOUSE:-1:-1
6.257:MOUSE:-1:-1
6.257:MOUSE:-1:-1
6.257:MOUSE:-1:-1
6.257:MOUSE:-1:-1
6.257:MOUSE:-1:-1
6.257:MOUSE:-1:-1
6.257:MOUSE:-1:-1
6.257:MOUSE:-1:-1
6.257:MOUSE:-1:-1
6.257:MOUSE:-1:-1
6.257:MOUSE:-1:-1
6.257:MOUSE:-1:-1
6.257:MOUSE:-1:-1
6.257:MOUSE:-1:-1
6.257:MOUSE:-1:-1
6.257:MOUSE:-1:-1
6.257:MOUSE:-1:-1
6.257:MOUSE:-1:-1
6.257:MOUSE:-1:-1
6.257:MOUSE:-1:-1
6.257:MOUSE:-1:-1
6.257:MOUSE:-1:-1
6.257:MOUSE:-1:-1
6.257:MOUSE:-1:-1
6.257:MOUSE:-1:-1
6.257:MOUSE:-1:-1
6.257:MOUSE:-1:-1
6.257:MOUSE:-1:-1
6.257:MOUSE:-1:-1
6.257:MOUSE:-1:-1
6.257:MOUSE:-1:-1
6.257:MOUSE:-1:-1
6.257:MOUSE:-1:-1
6.257:MOUSE:-1:-1
6.257:MOUSE:-1:-1
6.257:MOUSE:-1:-1
6.257:MOUSE:-1:-1
6.257:MOUSE:-1:-1
6.257:MOUSE:-1:-1
6.257:MOUSE:-1:-1
6.257:MOUSE:-1:-1
6.257:MOUSE:-1:-1
6.257:MOUSE:-1:-1
6.257:MOUSE:-1:-1
6.257:MOUSE:-1:-1
6.257:MOUSE:-1:-1
6.257:MOUSE:-1:-1
6.257:MOUSE:-1:-1
6.257:MOUSE:-1:-1
6.257:MOUSE:-1:-1
6.257:MOUSE:-1:-1
6.257:MOUSE:-1:-1
6.257:MOUSE:-1:-1
6.257:MOUSE:-1:-1
6.257:MOUSE:-1:-1
6.257:MOUSE:-1:-1
6.257:MOUSE:-1:-1
6.257:MOUSE:-1:-1
6.257:MOUSE:-1:-1
6.257:MOUSE:-1:-1
6.257:MOUSE:-1:-1
6.257:MOUSE:-1:-1
6.257:MOUSE:-1:-1
6.257:MOUSE:-1:-1
6.257:MOUSE:-1:-1
6.257:MOUSE:-1:-1
6.257:MOUSE:-1:-1
6.257:MOUSE:-1:-1
6.257:MOUSE:-1:-1
6.257:MOUSE:-1:-1
6.257:MOUSE:-1:-1
6.257:MOUSE:-1:-1
6.257:MOUSE:-1:-1
6.257:MOUSE:-1:-1
6.257:MOUSE:-1:-1
6.257:MOUSE:-1:-1
6.257:MOUSE:-1:-1
6.257:MOUSE:-1:-1
6.257:MOUSE:-1:-1
6.257:MOUSE:-1:-1
6.257:MOUSE:-1:-1
6.257:MOUSE:-1:-1
6.257:MOUSE:-1:-1
6.257:MOUSE:-1:-1
6.257:MOUSE:-1:-1
6.257:MOUSE:-1:-1
6.257:MOUSE:-1:-1
6.257:MOUSE:-1:-1
6.257:MOUSE:-1:-1
6.257:MOUSE:-1:-1
6.257:MOUSE:-1:-1
6.257:MOUSE:-1:-1
6.257:MOUSE:-1:-1
6.257:MOUSE:-1:-1
6.257:MOUSE:-1:-1
6.257:MOUSE:-1:-1
6.257:MOUSE:-1:-1
6.257:MOUSE:-1:-1
6.257:MOUSE:-1:-1
6.257:MOUSE:-1:-1
6.257:MOUSE:-1:-1
6.257:MOUSE:-1:-1
6.257:MOUSE:-1:-1
6.257:MOUSE:-1:-1
6.257:MOUSE:-1:-1
6.257:MOUSE:-1:-1
6.257:MOUSE:-1:-1
6.257:MOUSE:-1:-1
6.257:MOUSE:-1:-1
6.257:MOUSE:-1:-1
6.257:MOUSE:-1:-1
6.257:MOUSE:-1:-1
6.257:MOUSE:-1:-1
6.257:MOUSE:-1:-1
6.257:MOUSE:-1:-1
6.257:MOUSE:-1:0
6.257:MOUSE:-1:0
6.257:MOUSE:-1:0
6.257:MOUSE:-1:0
6.257:MOUSE:-1:0
6.257:MOUSE:-1:0
6.257:MOUSE:-1:0
6.257:MOUSE:-1:0
6.257:MOUSE:-1:0
6.257:MOUSE:-1:0
6.257:MOUSE:-1:0
6.257:MOUSE:-1:0
6.257:MOUSE:-1:0
6.257:MOUSE:-1:0
6.257:MOUSE:-1:0
6.257:MOUSE:-1:0
6.257:MOUSE:-1:0
6.257:MOUSE:-1:0
6.257:MOUSE:-1:0
6.257:MOUSE:-1:0
6.257:MOUSE:-1:0
6.257:MOUSE:-1:0
6.257:MOUSE:-1:0
6.257:MOUSE:-1:0
6.257:MOUSE:-1:0
6.257:MOUSE:-1:0
6.257:MOUSE:-1:0
6.257:MOUSE:-1:0
6.257:MOUSE:-1:0
6.257:MOUSE:-1:0
6.257:MOUSE:-1:0
6.257:MOUSE:-1:0
6.257:MOUSE:-1:0
6.257:MOUSE:-1:0
6.257:MOUSE:-1:0
6.257:MOUSE:-1:0
6.257:MOUSE:-1:0
6.257:MOUSE:-1:0
6.257:MOUSE:-1:0
6.257:MOUSE:-1:0
6.257:MOUSE:-1:0
6.257:MOUSE:-1:0
6.257:MOUSE:-1:0
6.257:MOUSE:-1:0
6.257:MOUSE:-1:0
6.257:MOUSE:-1:0
6.257:MOUSE:-1:0
6.257:MOUSE:-1:0
6.257:MOUSE:-1:0
6.257:MOUSE:-1:0
6.257:MOUSE:-1:0
6.257:MOUSE:-1:0
6.257:MOUSE:-1:0
6.257:MOUSE:-1:0
6.257:MOUSE:-1:0
6.257:MOUSE:-1:0
6.257:MOUSE:-1:0
6.257:MOUSE:-1:0
6.257:MOUSE:-1:0
6.257:MOUSE:-1:0
6.257:MOUSE:-1:0
6.257:MOUSE:-1:0
6.257:MOUSE:-1:0
9.101:MOUSE:-1:0
9.101:MOUSE:-1:0
9.101:MOUSE:-1:0
9.101:MOUSE:-1:0
9.178:MOUSE:-1:0
9.178:MOUSE:-1:0
9.178:MOUSE:-1:0
9.178:MOUSE:-1:0
9.255:MOUSE:1:0
9.255:MOUSE:1:0
9.255:MOUSE:1:0
9.255:MOUSE:1:0
9.255:MOUSE:1:0
9.255:MOUSE:1:0
9.409:MOUSE:1:0
9.440:MOUSE:-1:0
9.440:MOUSE:-1:0
9.440:MOUSE:-1:0
9.501:MOUSE:1:0
9.501:MOUSE:1:0
9.501:MOUSE:1:0
9.563:MOUSE:-1:0
9.595:MOUSE:1:0
9.626:MOUSE:-1:0
9.657:MOUSE:1:0
9.657:MOUSE:1:0
9.765:MOUSE:-1:0
9.795:MOUSE:-1:0
9.826:MOUSE:1:0
9.826:MOUSE:1:0
9.872:MOUSE:-1:0
9.872:MOUSE:-1:0
9.872:MOUSE:-1:0
9.872:MOUSE:-1:0
9.950:MOUSE:1:0
9.950:MOUSE:1:0
9.950:MOUSE:1:0
10.011:MOUSE:1:0
10.334:MOUSE_BTN:RIGHT:UP
10.829:MOUSE_BTN:RIGHT:DOWN
11.104:MOUSE:-1:0
11.104:MOUSE:-1:0
11.104:MOUSE:-1:0
11.181:MOUSE:-1:0
11.181:MOUSE:-1:0
11.181:MOUSE:-1:0
11.258:MOUSE:-1:0
11.258:MOUSE:-1:0
11.258:MOUSE:-1:0
11.334:MOUSE:-1:0
11.334:MOUSE:-1:0
11.334:MOUSE:-1:0
11.334:MOUSE:-1:0
11.334:MOUSE:-1:0
11.334:MOUSE:-1:0
11.334:MOUSE:-1:0
11.473:MOUSE:1:0
11.473:MOUSE:1:0
11.473:MOUSE:1:0
11.473:MOUSE:1:0
11.473:MOUSE:1:0
11.473:MOUSE:1:0
11.473:MOUSE:1:0
11.473:MOUSE:1:0
11.473:MOUSE:1:0
11.473:MOUSE:1:0
11.473:MOUSE:1:0
11.473:MOUSE:1:0
11.689:MOUSE:-1:0
11.736:MOUSE:1:0
11.877:MOUSE:-1:0
11.952:MOUSE:1:0
12.183:MOUSE:-1:0
12.230:MOUSE:1:0
12.276:MOUSE_BTN:RIGHT:UP
12.677:MOUSE_BTN:LEFT:DOWN
13.049:MOUSE:1:0
13.127:MOUSE:-1:0
13.266:MOUSE:1:0
13.313:MOUSE:-1:0
13.546:MOUSE:-1:0
13.592:MOUSE:-1:0
13.592:MOUSE:-1:0
13.592:MOUSE:-1:0
13.592:MOUSE:-1:0
13.686:MOUSE:-1:0
13.686:MOUSE:-1:0
13.686:MOUSE:-1:0
13.686:MOUSE:-1:0
13.686:MOUSE:-1:0
13.793:MOUSE:-1:0
13.839:MOUSE:1:0
13.886:MOUSE:-1:0
13.886:MOUSE:-1:0
13.886:MOUSE:-1:0
13.886:MOUSE:-1:0
13.886:MOUSE:-1:0
13.994:MOUSE:1:0
13.994:MOUSE:1:0
13.994:MOUSE:1:0
13.994:MOUSE:1:0
13.994:MOUSE:1:0
13.994:MOUSE:1:0
13.994:MOUSE:1:0
13.994:MOUSE:1:0
13.994:MOUSE:1:0
13.994:MOUSE:1:0
13.994:MOUSE:1:0
13.994:MOUSE:1:0
13.994:MOUSE:1:0
13.994:MOUSE:1:0
13.994:MOUSE:1:0
14.258:MOUSE:-1:0
14.305:MOUSE:1:0
14.475:MOUSE:-1:0
14.522:MOUSE:-1:0
14.522:MOUSE:-1:0
14.522:MOUSE:-1:0
14.522:MOUSE:-1:0
14.522:MOUSE:-1:0
14.522:MOUSE:-1:0
14.522:MOUSE:-1:0
14.522:MOUSE:-1:0
14.522:MOUSE:-1:0
14.522:MOUSE:-1:0
14.522:MOUSE:-1:0
14.522:MOUSE:-1:0
14.522:MOUSE:-1:0
14.753:MOUSE:1:0
14.753:MOUSE:1:0
14.753:MOUSE:1:0
14.753:MOUSE:1:0
14.753:MOUSE:1:0
14.753:MOUSE:1:0
14.753:MOUSE:1:0
14.891:MOUSE:1:0
14.937:MOUSE:1:0
14.937:MOUSE:1:0
14.937:MOUSE:1:0
14.937:MOUSE:1:0
14.937:MOUSE:1:0
14.937:MOUSE:1:0
15.062:MOUSE:-1:0
15.062:MOUSE:-1:0
15.062:MOUSE:-1:0
15.139:MOUSE:1:0
15.185:MOUSE:1:0
15.185:MOUSE:1:0
15.649:MOUSE_BTN:LEFT:UP
16.222:MOUSE_BTN:LEFT:DOWN
16.840:MOUSE:1:0
16.840:MOUSE:1:0
16.840:MOUSE:1:0
16.917:MOUSE:1:0
16.917:MOUSE:1:0
16.917:MOUSE:1:0
16.917:MOUSE:1:0
17.010:MOUSE:1:0
17.085:MOUSE:-1:0
17.132:MOUSE:1:0
17.132:MOUSE:1:0
17.132:MOUSE:1:0
17.132:MOUSE:1:0
17.132:MOUSE:1:0
17.132:MOUSE:1:0
17.132:MOUSE:1:0
17.132:MOUSE:1:0
17.132:MOUSE:1:0
17.132:MOUSE:1:0
17.132:MOUSE:1:0
17.132:MOUSE:1:0
17.350:MOUSE:-1:-1
17.350:MOUSE:-1:0
17.350:MOUSE:-1:0
17.350:MOUSE:-1:0
17.350:MOUSE:-1:0
17.350:MOUSE:-1:0
17.350:MOUSE:-1:0
17.350:MOUSE:-1:0
17.350:MOUSE:-1:0
17.519:MOUSE:-1:1
17.519:MOUSE:-1:0
17.519:MOUSE:-1:0
17.519:MOUSE:-1:0
17.519:MOUSE:-1:0
17.519:MOUSE:-1:0
17.519:MOUSE:-1:0
17.658:MOUSE:-1:0
17.658:MOUSE:-1:0
17.658:MOUSE:-1:0
18.106:MOUSE_BTN:LEFT:UP
