0.000:MOUSE_ABS:611:293
0.604:MOUSE:3:0
0.619:MOUSE:1:-1
0.635:MOUSE:4:-1
0.650:MOUSE:7:-2
0.666:MOUSE:12:-3
0.696:MOUSE:32:-4
0.712:MOUSE:16:-3
0.728:MOUSE:16:-2
0.743:MOUSE:13:-3
0.758:MOUSE:13:-2
0.774:MOUSE:8:-2
0.789:MOUSE:8:-1
0.805:MOUSE:7:-1
0.820:MOUSE:4:0
0.852:MOUSE:1:0
0.868:MOUSE:2:0
0.899:MOUSE:2:2
0.929:MOUSE:2:0
0.945:MOUSE:1:1
0.960:MOUSE:0:1
0.991:MOUSE:1:2
1.022:MOUSE:0:1
1.038:MOUSE:0:1
1.053:MOUSE:0:2
1.501:MOUSE:2:0
1.516:MOUSE:4:0
1.532:MOUSE:8:0
1.579:MOUSE:26:0
1.609:MOUSE:23:0
1.641:MOUSE:31:0
1.673:MOUSE:41:0
1.703:MOUSE:47:0
1.733:MOUSE:38:0
1.765:MOUSE:40:0
1.796:MOUSE:35:0
1.828:MOUSE:28:0
1.858:MOUSE:24:0
1.890:MOUSE:27:1
1.921:MOUSE:26:0
1.952:MOUSE:18:0
1.983:MOUSE:4:0
2.417:MOUSE:-2:0
2.448:MOUSE:-8:0
2.479:MOUSE:-11:0
2.510:MOUSE:-13:0
2.542:MOUSE:-20:0
2.573:MOUSE:-27:0
2.604:MOUSE:-31:0
2.635:MOUSE:-31:0
2.667:MOUSE:-30:0
2.698:MOUSE:-26:0
2.729:MOUSE:-33:0
2.760:MOUSE:-37:0
2.792:MOUSE:-35:0
2.823:MOUSE:-32:0
2.853:MOUSE:-25:0
2.885:MOUSE:-22:0
2.916:MOUSE:-17:0
2.948:MOUSE:-9:0
2.979:MOUSE:-2:0
3.320:MOUSE:-1:0
4.341:MOUSE_BTN:RIGHT:DOWN
5.119:MOUSE:0:-1
5.151:MOUSE:5:0
5.181:MOUSE:-5:1
5.213:MOUSE:4:0
5.307:MOUSE:-2:0
5.370:MOUSE:-2:0
5.463:MOUSE:2:-1
5.526:MOUSE:-2:1
5.588:MOUSE:3:0
5.619:MOUSE:5:0
5.649:MOUSE:-8:0
5.711:MOUSE:4:-1
5.742:MOUSE:-4:1
5.773:MOUSE:3:0
5.804:MOUSE:-3:0
5.835:MOUSE:3:0
5.866:MOUSE:-3:0
5.928:MOUSE:3:0
5.959:MOUSE:-1:0
5.991:MOUSE:1:0
6.022:MOUSE:-3:0
7.452:MOUSE:-4:0
7.482:MOUSE:4:0
7.513:MOUSE:-4:0
7.543:MOUSE:-1:0
7.574:MOUSE:5:0
7.636:MOUSE:-6:1
7.667:MOUSE:-9:-1
7.698:MOUSE:15:0
7.728:MOUSE:-6:0
7.760:MOUSE:6:0
7.853:MOUSE:-4:0
7.946:MOUSE:1:0
7.978:MOUSE:3:0
8.070:MOUSE:-8:0
8.101:MOUSE:4:0
8.134:MOUSE:4:0
9.280:MOUSE:4:-1
9.312:MOUSE:-2:0
9.343:MOUSE:-1:1
9.375:MOUSE:-1:0
9.405:MOUSE:1:0
9.437:MOUSE:-1:0
9.623:MOUSE:5:-1
9.654:MOUSE:-5:1
9.685:MOUSE:4:-1
9.746:MOUSE:-4:1
9.777:MOUSE:3:0
9.808:MOUSE:-1:0
9.839:MOUSE:-2:0
9.870:MOUSE:1:-1
9.901:MOUSE:-1:0
9.933:MOUSE:0:1
9.964:MOUSE:2:-2
10.028:MOUSE:-1:1
10.058:MOUSE:1:0
10.089:MOUSE:2:-1
10.152:MOUSE:-1:0
10.183:MOUSE:1:1
10.214:MOUSE:-4:1
10.245:MOUSE:4:-1
10.306:MOUSE:-1:0
10.337:MOUSE:-3:1
10.368:MOUSE:1:-1
10.399:MOUSE:-1:1
10.430:MOUSE:4:-3
10.461:MOUSE:-4:2
10.523:MOUSE:0:1
10.803:MOUSE:-1:0
10.834:MOUSE:1:0
10.928:MOUSE:-5:2
10.990:MOUSE:5:-2
11.021:MOUSE:-5:1
11.052:MOUSE:-1:0
11.082:MOUSE:6:-1
11.207:MOUSE:-4:1
11.238:MOUSE:4:-1
11.300:MOUSE:-4:2
11.331:MOUSE:0:-1
11.362:MOUSE:4:-1
11.393:MOUSE:-4:1
11.455:MOUSE:2:-1
11.487:MOUSE:-1:1
11.517:MOUSE:-1:0
11.548:MOUSE:1:-1
11.580:MOUSE:-1:1
11.610:MOUSE:1:-1
11.642:MOUSE:3:0
12.171:MOUSE:1:0
12.202:MOUSE:-1:0
12.542:MOUSE_BTN:RIGHT:UP
13.724:MOUSE:4:0
13.754:MOUSE:8:0
13.785:MOUSE:12:0
13.817:MOUSE:25:0
13.847:MOUSE:43:0
13.878:MOUSE:48:0
13.910:MOUSE:61:0
13.940:MOUSE:55:0
13.971:MOUSE:52:0
14.003:MOUSE:49:0
14.034:MOUSE:38:0
14.066:MOUSE:29:0
14.097:MOUSE:16:1
14.128:MOUSE:12:1
14.158:MOUSE:12:0
14.190:MOUSE:4:1
14.376:MOUSE:-2:0
14.407:MOUSE:-13:0
14.439:MOUSE:-25:0
14.471:MOUSE:-33:0
14.501:MOUSE:-49:0
14.532:MOUSE:-52:0
14.563:MOUSE:-46:-1
14.594:MOUSE:-36:-2
14.625:MOUSE:-38:-1
14.656:MOUSE:-35:-3
14.687:MOUSE:-34:0
14.718:MOUSE:-32:0
14.749:MOUSE:-37:0
14.781:MOUSE:-31:-1
14.813:MOUSE:-14:0
14.843:MOUSE:-2:0
15.090:MOUSE:2:0
15.309:MOUSE_BTN:RIGHT:DOWN
15.648:MOUSE:1:0
15.680:MOUSE:-1:0
15.836:MOUSE:1:0
15.867:MOUSE:1:0
15.898:MOUSE:-2:0
15.989:MOUSE:2:0
16.021:MOUSE:-2:0
16.083:MOUSE:1:0
16.114:MOUSE:-1:0
16.176:MOUSE:2:0
16.207:MOUSE:2:0
16.238:MOUSE:-4:0
16.269:MOUSE:4:0
16.299:MOUSE:-4:0
16.330:MOUSE:3:0
16.362:MOUSE:-1:0
16.393:MOUSE:-2:0
16.424:MOUSE:2:0
16.455:MOUSE:1:0
16.486:MOUSE:-3:0
16.548:MOUSE:4:0
16.578:MOUSE:-4:0
16.608:MOUSE:3:0
16.640:MOUSE:-3:0
16.671:MOUSE:3:0
16.701:MOUSE:-3:0
16.764:MOUSE:3:-1
16.795:MOUSE:3:0
16.826:MOUSE:-6:1
16.856:MOUSE:2:0
16.919:MOUSE:-2:0
16.980:MOUSE:1:0
17.011:MOUSE:-1:0
17.415:MOUSE:-1:2
17.445:MOUSE:0:-2
17.476:MOUSE:1:0
17.506:MOUSE:-1:0
17.538:MOUSE:1:0
17.569:MOUSE:-2:1
17.600:MOUSE:-1:0
17.631:MOUSE:1:-1
17.662:MOUSE:-1:1
17.693:MOUSE:3:-1
17.786:MOUSE:-5:1
17.816:MOUSE:5:-1
17.848:MOUSE:-4:0
17.878:MOUSE:0:1
17.909:MOUSE:4:-1
17.941:MOUSE:-5:2
17.972:MOUSE:1:-2
18.004:MOUSE:0:2
18.035:MOUSE:4:-2
18.128:MOUSE:-3:1
18.159:MOUSE:3:-1
18.190:MOUSE:-7:1
18.221:MOUSE:7:-1
18.252:MOUSE:-3:1
18.284:MOUSE:3:-1
18.314:MOUSE:-4:1
18.345:MOUSE:4:-1
18.377:MOUSE:-3:0
18.469:MOUSE:0:2
18.501:MOUSE:0:-2
18.531:MOUSE:-1:0
18.562:MOUSE:4:0
19.185:MOUSE_BTN:RIGHT:UP
19.962:MOUSE_BTN:LEFT:DOWN
20.616:MOUSE:1:0
20.647:MOUSE:3:0
20.677:MOUSE:-4:0
20.740:MOUSE:2:0
20.802:MOUSE:-2:0
20.833:MOUSE:1:-1
20.864:MOUSE:0:1
20.895:MOUSE:2:0
20.926:MOUSE:-3:0
20.988:MOUSE:3:0
21.019:MOUSE:1:0
21.082:MOUSE:-4:0
21.113:MOUSE:3:0
21.144:MOUSE:-1:0
21.175:MOUSE:1:0
21.206:MOUSE:-3:0
21.269:MOUSE:3:0
21.299:MOUSE:0:-1
21.330:MOUSE:0:1
21.361:MOUSE:-3:0
21.392:MOUSE:4:0
21.423:MOUSE:0:-1
21.454:MOUSE:-4:1
21.484:MOUSE:2:0
21.515:MOUSE:1:0
21.546:MOUSE:-3:0
21.608:MOUSE:2:0
21.639:MOUSE:1:0
21.670:MOUSE:2:-1
21.701:MOUSE:-5:1
21.794:MOUSE:1:0
21.857:MOUSE:-1:0
22.448:MOUSE:-3:1
22.479:MOUSE:-6:3
22.509:MOUSE:9:-4
22.571:MOUSE:-5:0
22.602:MOUSE:1:1
22.664:MOUSE:4:-1
22.695:MOUSE:-5:2
22.726:MOUSE:5:-2
22.787:MOUSE:-4:1
22.818:MOUSE:4:-1
22.879:MOUSE:-4:2
22.942:MOUSE:4:-2
23.004:MOUSE:-3:0
23.035:MOUSE:0:2
23.066:MOUSE:3:-2
23.096:MOUSE:-10:1
23.127:MOUSE:7:0
23.158:MOUSE:3:-1
23.220:MOUSE:-2:0
23.252:MOUSE:-1:0
23.282:MOUSE:1:0
23.312:MOUSE:2:0
23.343:MOUSE:-3:0
23.374:MOUSE:3:0
23.405:MOUSE:-1:0
23.436:MOUSE:1:0
23.903:MOUSE_BTN:LEFT:UP
