0.000:MOUSE_ABS:613:294
0.119:MOUSE:-1:0
0.165:MOUSE:21:0
0.196:MOUSE:8:-2
0.227:MOUSE:13:-4
0.258:MOUSE:25:-2
0.289:MOUSE:24:0
0.319:MOUSE:19:0
0.351:MOUSE:12:-2
0.382:MOUSE:5:0
0.413:MOUSE:3:-1
0.444:MOUSE:4:0
0.477:MOUSE:4:0
0.508:MOUSE:8:0
0.539:MOUSE:8:0
0.787:MOUSE:1:2
1.050:MOUSE:2:1
1.080:MOUSE:1:0
1.112:MOUSE:0:1
1.142:MOUSE:1:0
1.697:MOUSE_BTN:RIGHT:DOWN
2.346:MOUSE:3:0
2.392:MOUSE:-1:1
2.439:MOUSE:-2:-1
2.486:MOUSE:3:2
2.532:MOUSE:4:-1
2.579:MOUSE:2:2
2.625:MOUSE:-9:-3
2.671:MOUSE:4:0
2.717:MOUSE:-1:0
2.794:MOUSE:-3:0
2.872:MOUSE:4:0
2.919:MOUSE:1:0
2.965:MOUSE:-2:0
3.043:MOUSE:5:1
3.090:MOUSE:-4:-1
3.167:MOUSE:-1:0
3.213:MOUSE:-3:0
3.260:MOUSE:4:0
3.308:MOUSE:-4:0
3.352:MOUSE:3:0
3.399:MOUSE:-3:0
3.694:MOUSE:0:1
3.740:MOUSE:0:-1
4.094:MOUSE:-1:0
4.141:MOUSE:-1:0
4.189:MOUSE:-1:0
4.233:MOUSE:1:-1
4.280:MOUSE:-2:1
4.327:MOUSE:-1:0
4.404:MOUSE:5:0
4.512:MOUSE:-5:0
4.590:MOUSE:1:0
4.698:MOUSE:-1:0
4.745:MOUSE:1:0
4.792:MOUSE:2:0
4.838:MOUSE:-1:0
4.884:MOUSE:-2:0
4.930:MOUSE:4:0
4.977:MOUSE:1:0
5.023:MOUSE:-1:0
5.069:MOUSE:-5:0
5.116:MOUSE:6:0
5.472:MOUSE:-1:0
5.518:MOUSE:1:0
5.658:MOUSE_BTN:RIGHT:UP
5.859:MOUSE:0:-2
5.968:MOUSE:-2:0
6.015:MOUSE:-8:-1
6.061:MOUSE:-9:-1
6.107:MOUSE:-2:0
6.340:MOUSE_BTN:LEFT:DOWN
6.541:MOUSE:-1:0
6.587:MOUSE:-4:0
6.818:MOUSE:-2:0
6.864:MOUSE:2:0
6.973:MOUSE:-13:0
7.019:MOUSE:-1:0
7.066:MOUSE:8:0
7.112:MOUSE:6:0
7.189:MOUSE:-12:0
7.235:MOUSE:12:0
7.281:MOUSE:-4:0
7.328:MOUSE:4:0
7.374:MOUSE:-2:0
7.422:MOUSE:1:0
7.468:MOUSE:-2:0
7.514:MOUSE:3:0
7.560:MOUSE:-1:0
7.606:MOUSE:-1:0
7.652:MOUSE:1:0
7.699:MOUSE:0:2
7.745:MOUSE:1:-2
7.791:MOUSE:-1:0
7.837:MOUSE:-4:1
7.883:MOUSE:4:-1
7.962:MOUSE:-1:0
8.008:MOUSE:2:0
8.395:MOUSE:1:0
8.441:MOUSE:2:0
8.489:MOUSE:1:0
8.535:MOUSE:1:1
8.581:MOUSE:4:0
8.627:MOUSE:-4:-1
8.705:MOUSE:5:0
8.751:MOUSE:2:0
8.798:MOUSE:-8:0
8.843:MOUSE:-4:0
8.920:MOUSE:6:0
8.966:MOUSE:-4:0
9.013:MOUSE:2:0
9.060:MOUSE:-1:0
9.106:MOUSE:-1:0
9.153:MOUSE:-1:0
9.199:MOUSE:-1:0
9.246:MOUSE:1:0
9.293:MOUSE:1:0
9.340:MOUSE:-2:0
10.161:MOUSE_BTN:LEFT:UP
10.487:MOUSE:-3:2
