0.000:MOUSE_ABS:632:291
0.907:MOUSE:2:0
0.922:MOUSE:4:0
0.938:MOUSE:5:-1
0.953:MOUSE:7:-1
0.969:MOUSE:9:-1
0.986:MOUSE:15:-1
1.016:MOUSE:24:0
1.047:MOUSE:29:0
1.062:MOUSE:12:0
1.093:MOUSE:16:0
1.109:MOUSE:3:0
1.139:MOUSE:4:0
1.155:MOUSE:4:0
1.185:MOUSE:6:0
1.200:MOUSE:2:0
1.216:MOUSE:4:-1
1.231:MOUSE:4:0
1.247:MOUSE:1:0
1.899:MOUSE:5:-2
1.930:MOUSE:15:0
1.962:MOUSE:12:2
1.992:MOUSE:12:4
2.023:MOUSE:16:5
2.054:MOUSE:19:7
2.085:MOUSE:12:7
2.117:MOUSE:16:9
2.148:MOUSE:10:8
2.179:MOUSE:11:8
2.211:MOUSE:8:8
2.242:MOUSE:15:12
2.273:MOUSE:13:15
2.304:MOUSE:11:12
2.335:MOUSE:8:16
2.367:MOUSE:9:16
2.398:MOUSE:7:16
2.430:MOUSE:1:18
2.461:MOUSE:0:16
2.492:MOUSE:1:18
2.524:MOUSE:0:14
2.555:MOUSE:0:16
2.586:MOUSE:-5:16
2.617:MOUSE:-3:14
2.648:MOUSE:-4:12
2.679:MOUSE:-7:12
2.710:MOUSE:-8:13
2.741:MOUSE:-10:12
2.772:MOUSE:-13:11
2.804:MOUSE:-14:10
2.834:MOUSE:-15:11
2.865:MOUSE:-19:8
2.896:MOUSE:-25:11
2.927:MOUSE:-27:6
2.957:MOUSE:-26:3
2.988:MOUSE:-23:1
3.020:MOUSE:-28:0
3.051:MOUSE:-27:0
3.081:MOUSE:-27:-6
3.112:MOUSE:-22:-6
3.143:MOUSE:-22:-9
3.174:MOUSE:-19:-13
3.205:MOUSE:-16:-15
3.237:MOUSE:-11:-18
3.268:MOUSE:-8:-17
3.298:MOUSE:-7:-24
3.330:MOUSE:-4:-23
3.360:MOUSE:-2:-18
3.391:MOUSE:0:-19
3.423:MOUSE:2:-21
3.453:MOUSE:4:-23
3.484:MOUSE:5:-20
3.515:MOUSE:7:-21
3.546:MOUSE:12:-20
3.577:MOUSE:13:-18
3.608:MOUSE:11:-12
3.640:MOUSE:12:-11
3.670:MOUSE:13:-9
3.701:MOUSE:13:-9
3.731:MOUSE:16:-9
3.762:MOUSE:10:-6
3.794:MOUSE:12:-4
3.824:MOUSE:6:-3
3.856:MOUSE:10:-4
3.887:MOUSE:12:-3
3.918:MOUSE:9:-2
3.949:MOUSE:8:-3
3.980:MOUSE:8:-1
4.010:MOUSE:8:0
4.041:MOUSE:7:0
4.072:MOUSE:4:0
