0.000:MOUSE_ABS:640:286
0.010:MOUSE_BTN:LEFT:DOWN
0.571:MOUSE:7:0
0.586:MOUSE:8:-1
0.618:MOUSE:19:-4
0.633:MOUSE:8:-1
0.649:MOUSE:10:-2
0.664:MOUSE:10:-1
0.679:MOUSE:10:-1
0.696:MOUSE:11:-1
0.711:MOUSE:9:0
0.726:MOUSE:6:-1
0.742:MOUSE:9:0
0.758:MOUSE:7:0
0.773:MOUSE:7:0
0.789:MOUSE:5:0
0.804:MOUSE:5:0
0.820:MOUSE:2:0
0.835:MOUSE:1:0
0.850:MOUSE:1:0
0.881:MOUSE:1:0
0.896:MOUSE:1:0
1.238:MOUSE:1:0
1.269:MOUSE:16:0
1.284:MOUSE:11:0
1.300:MOUSE:15:0
1.315:MOUSE:17:0
1.331:MOUSE:18:0
1.346:MOUSE:15:0
1.377:MOUSE:40:1
1.393:MOUSE:21:1
1.409:MOUSE:20:2
1.424:MOUSE:18:0
1.439:MOUSE:19:2
1.456:MOUSE:19:2
1.486:MOUSE:30:0
1.502:MOUSE:16:1
1.533:MOUSE:40:3
1.548:MOUSE:19:0
1.564:MOUSE:21:0
1.595:MOUSE:40:0
1.627:MOUSE:36:0
1.657:MOUSE:23:0
1.688:MOUSE:18:0
1.719:MOUSE:22:0
1.750:MOUSE:18:0
1.781:MOUSE:14:0
1.812:MOUSE:4:0
1.904:MOUSE:6:0
1.936:MOUSE:1:0
2.154:MOUSE:-1:0
2.464:MOUSE:-6:0
2.495:MOUSE:-26:0
2.526:MOUSE:-32:0
2.558:MOUSE:-38:0
2.589:MOUSE:-42:0
2.620:MOUSE:-46:0
2.651:MOUSE:-42:0
2.683:MOUSE:-33:0
2.713:MOUSE:-23:0
2.744:MOUSE:-22:0
2.775:MOUSE:-26:0
2.807:MOUSE:-30:0
2.839:MOUSE:-30:0
2.869:MOUSE:-24:0
2.901:MOUSE:-25:0
2.932:MOUSE:-27:0
2.962:MOUSE:-21:0
2.993:MOUSE:-27:0
3.023:MOUSE:-20:-1
3.054:MOUSE:-12:-1
3.086:MOUSE:-2:0
3.100:MOUSE_BTN:LEFT:UP
