0.000:MOUSE_ABS:618:291
0.168:MOUSE:5:0
0.184:MOUSE:18:5
0.199:MOUSE:21:5
0.215:MOUSE:22:3
0.231:MOUSE:21:1
0.246:MOUSE:16:1
0.262:MOUSE:11:0
0.278:MOUSE:6:0
0.293:MOUSE:4:1
0.323:MOUSE:4:0
0.339:MOUSE:0:-1
0.354:MOUSE:1:0
0.416:MOUSE:0:-1
0.761:MOUSE:-1:0
0.777:MOUSE:-5:2
0.792:MOUSE:-7:1
0.807:MOUSE:-8:3
0.823:MOUSE:-8:4
0.854:MOUSE:-24:12
0.869:MOUSE:-9:6
0.885:MOUSE:-12:7
0.901:MOUSE:-10:7
0.916:MOUSE:-8:7
0.932:MOUSE:-6:6
0.962:MOUSE:-10:10
0.978:MOUSE:-2:7
0.993:MOUSE:-3:6
1.009:MOUSE:-4:8
1.025:MOUSE:-4:9
1.040:MOUSE:-4:11
1.055:MOUSE:-4:10
1.071:MOUSE:-4:10
1.086:MOUSE:-3:10
1.101:MOUSE:-1:8
1.117:MOUSE:-1:8
1.133:MOUSE:0:10
1.148:MOUSE:-3:10
1.179:MOUSE:0:16
1.194:MOUSE:1:6
1.210:MOUSE:3:6
1.226:MOUSE:5:6
1.241:MOUSE:5:4
1.256:MOUSE:6:5
1.287:MOUSE:15:11
1.302:MOUSE:8:7
1.318:MOUSE:8:7
1.333:MOUSE:7:6
1.349:MOUSE:11:7
1.365:MOUSE:9:7
1.396:MOUSE:20:10
1.411:MOUSE:10:5
1.427:MOUSE:11:5
1.442:MOUSE:15:6
1.458:MOUSE:13:4
1.473:MOUSE:10:2
1.489:MOUSE:15:2
1.505:MOUSE:13:1
1.520:MOUSE:13:0
1.536:MOUSE:12:-2
1.552:MOUSE:12:-4
1.567:MOUSE:10:-3
1.599:MOUSE:18:-12
1.630:MOUSE:15:-13
1.661:MOUSE:11:-15
1.692:MOUSE:11:-21
1.722:MOUSE:6:-24
1.754:MOUSE:-1:-27
1.785:MOUSE:-4:-21
1.816:MOUSE:-7:-20
1.847:MOUSE:-8:-23
1.878:MOUSE:-10:-21
1.909:MOUSE:-11:-13
1.939:MOUSE:-12:-15
1.970:MOUSE:-12:-12
2.000:MOUSE:-12:-9
2.031:MOUSE:-12:-10
2.062:MOUSE:-15:-9
2.093:MOUSE:-13:-9
2.125:MOUSE:-12:-7
2.156:MOUSE:-5:-1
2.187:MOUSE:-2:0
2.218:MOUSE:-1:-2
2.404:MOUSE_BTN:RIGHT:DOWN
3.115:MOUSE:1:1
3.147:MOUSE:2:0
3.177:MOUSE:-1:0
3.209:MOUSE:-2:-1
3.271:MOUSE:2:2
3.301:MOUSE:2:1
3.333:MOUSE:-4:-3
3.363:MOUSE:3:2
3.395:MOUSE:0:-1
3.426:MOUSE:1:0
3.488:MOUSE:-4:-1
3.550:MOUSE:5:0
3.581:MOUSE:-5:0
3.644:MOUSE:7:0
3.675:MOUSE:-7:0
3.707:MOUSE:6:0
3.738:MOUSE:1:0
3.769:MOUSE:-7:0
3.831:MOUSE:6:0
3.863:MOUSE:1:0
3.894:MOUSE:-1:0
3.925:MOUSE:1:0
3.957:MOUSE:-7:0
3.987:MOUSE:7:0
4.049:MOUSE:-7:0
4.142:MOUSE:12:0
4.173:MOUSE:-12:0
4.204:MOUSE:8:0
4.235:MOUSE:-8:0
4.298:MOUSE:6:0
4.329:MOUSE:-6:0
4.454:MOUSE:3:0
4.484:MOUSE:0:-1
4.517:MOUSE:-3:1
4.858:MOUSE_BTN:RIGHT:UP
5.014:MOUSE:0:-1
5.046:MOUSE:0:-2
5.511:MOUSE_BTN:RIGHT:DOWN
5.696:MOUSE:0:-1
5.728:MOUSE:1:-4
5.758:MOUSE:0:-1
5.790:MOUSE:0:2
6.038:MOUSE:0:6
6.070:MOUSE:0:-3
6.101:MOUSE:0:-3
6.194:MOUSE:0:2
6.225:MOUSE:0:-2
6.288:MOUSE:0:2
6.318:MOUSE:0:-2
6.350:MOUSE:0:2
6.382:MOUSE:0:-2
6.598:MOUSE:-1:-2
6.630:MOUSE:1:0
6.661:MOUSE:0:2
6.754:MOUSE:-1:-5
6.786:MOUSE:1:1
6.816:MOUSE:0:4
6.879:MOUSE:0:-4
6.942:MOUSE:1:1
6.972:MOUSE:-1:3
7.003:MOUSE:1:-3
7.035:MOUSE:0:1
7.097:MOUSE:-1:2
7.128:MOUSE:0:-2
7.159:MOUSE:0:2
7.407:MOUSE:0:3
7.438:MOUSE:-1:2
7.469:MOUSE:1:1
7.500:MOUSE:0:-6
7.532:MOUSE:0:6
7.562:MOUSE:0:-1
7.655:MOUSE:0:-5
7.718:MOUSE:1:3
7.750:MOUSE:-1:-1
7.781:MOUSE:0:-2
7.843:MOUSE:0:1
7.874:MOUSE:0:-1
7.904:MOUSE:0:2
7.935:MOUSE:1:0
7.966:MOUSE:-1:-2
7.998:MOUSE:0:2
8.029:MOUSE:0:-2
8.215:MOUSE_BTN:RIGHT:UP
