0.000:MOUSE_ABS:594:299
0.574:MOUSE:4:-1
0.589:MOUSE:7:0
0.605:MOUSE:9:-3
0.620:MOUSE:11:-1
0.636:MOUSE:13:-1
0.652:MOUSE:15:-2
0.683:MOUSE:22:-1
0.699:MOUSE:10:0
0.714:MOUSE:5:0
0.730:MOUSE:4:0
0.746:MOUSE:5:0
0.761:MOUSE:4:0
0.777:MOUSE:4:0
0.807:MOUSE:8:0
0.838:MOUSE:12:1
0.853:MOUSE:7:0
0.869:MOUSE:7:0
0.899:MOUSE:9:0
0.915:MOUSE:5:0
0.931:MOUSE:4:0
0.946:MOUSE:3:0
0.962:MOUSE:1:0
0.993:MOUSE:2:0
1.025:MOUSE:1:0
1.536:MOUSE:4:0
1.552:MOUSE:8:0
1.582:MOUSE:27:0
1.613:MOUSE:33:0
1.644:MOUSE:31:0
1.675:MOUSE:36:1
1.705:MOUSE:37:0
1.737:MOUSE:36:0
1.784:MOUSE:59:0
1.815:MOUSE:49:0
1.846:MOUSE:44:0
1.877:MOUSE:37:0
1.908:MOUSE:39:0
1.939:MOUSE:28:0
1.971:MOUSE:20:0
2.002:MOUSE:15:0
2.032:MOUSE:8:0
2.063:MOUSE:1:0
2.095:MOUSE:4:0
2.125:MOUSE:3:-1
2.156:MOUSE:2:0
2.187:MOUSE:2:-1
2.218:MOUSE:1:0
2.465:MOUSE:4:0
2.496:MOUSE:1:0
2.529:MOUSE:2:0
2.932:MOUSE:1:0
2.963:MOUSE:3:1
3.335:MOUSE:-1:0
3.366:MOUSE:-4:0
3.398:MOUSE:-8:0
3.428:MOUSE:-12:-1
3.459:MOUSE:-16:0
3.490:MOUSE:-17:0
3.521:MOUSE:-15:0
3.552:MOUSE:-15:0
3.583:MOUSE:-24:0
3.614:MOUSE:-30:0
3.646:MOUSE:-35:0
3.676:MOUSE:-30:0
3.707:MOUSE:-34:0
3.738:MOUSE:-47:0
3.768:MOUSE:-38:0
3.800:MOUSE:-42:0
3.830:MOUSE:-37:0
3.861:MOUSE:-30:0
3.893:MOUSE:-23:0
3.925:MOUSE:-20:0
3.955:MOUSE:-22:0
3.986:MOUSE:-13:0
4.016:MOUSE:-7:0
4.047:MOUSE:-4:0
4.078:MOUSE:-2:0
4.109:MOUSE:-1:-1
4.638:MOUSE_BTN:RIGHT:DOWN
5.753:MOUSE:1:0
5.784:MOUSE:2:0
5.815:MOUSE:-3:0
5.846:MOUSE:4:0
5.940:MOUSE:-4:0
5.971:MOUSE:5:0
6.002:MOUSE:-5:0
6.033:MOUSE:4:0
6.063:MOUSE:2:0
6.094:MOUSE:-6:0
6.217:MOUSE:4:-1
6.248:MOUSE:-4:1
6.279:MOUSE:4:0
6.311:MOUSE:-4:0
6.341:MOUSE:4:0
6.372:MOUSE:-4:0
6.403:MOUSE:3:0
6.434:MOUSE:-1:0
6.465:MOUSE:4:-1
6.495:MOUSE:-6:1
6.526:MOUSE:1:-1
6.556:MOUSE:-1:1
6.619:MOUSE:3:0
6.650:MOUSE:-1:-1
6.682:MOUSE:0:1
6.713:MOUSE:-2:0
7.333:MOUSE:-1:1
7.364:MOUSE:1:-1
7.426:MOUSE:-1:0
7.456:MOUSE:1:0
7.550:MOUSE:-2:0
7.581:MOUSE:-3:0
7.611:MOUSE:5:0
7.642:MOUSE:-6:0
7.674:MOUSE:2:0
7.705:MOUSE:1:0
7.767:MOUSE:3:0
7.798:MOUSE:-7:0
7.829:MOUSE:3:0
7.859:MOUSE:4:0
7.890:MOUSE:-4:0
7.984:MOUSE:4:0
8.047:MOUSE:-4:0
8.079:MOUSE:4:0
8.110:MOUSE:-3:0
8.172:MOUSE:1:0
8.203:MOUSE:2:0
8.234:MOUSE:-2:0
8.265:MOUSE:2:0
8.296:MOUSE:-4:0
8.327:MOUSE:3:0
8.357:MOUSE:-1:0
8.389:MOUSE:1:0
8.419:MOUSE:1:0
9.008:MOUSE_BTN:RIGHT:UP
9.505:MOUSE_BTN:LEFT:DOWN
10.248:MOUSE:1:0
10.279:MOUSE:1:0
10.309:MOUSE:-2:0
10.372:MOUSE:4:0
10.402:MOUSE:-4:0
10.434:MOUSE:4:0
10.465:MOUSE:4:0
10.496:MOUSE:-4:-1
10.528:MOUSE:-4:1
10.590:MOUSE:4:0
10.622:MOUSE:-4:0
10.684:MOUSE:8:0
10.714:MOUSE:-8:0
10.746:MOUSE:6:0
10.776:MOUSE:-6:0
10.837:MOUSE:8:0
10.868:MOUSE:-2:0
10.900:MOUSE:-2:-1
10.961:MOUSE:0:-1
10.992:MOUSE:-4:2
11.023:MOUSE:3:-1
11.053:MOUSE:1:0
11.084:MOUSE:-4:1
11.145:MOUSE:2:-1
11.176:MOUSE:0:1
11.207:MOUSE:-1:0
11.238:MOUSE:-1:0
12.013:MOUSE:-4:0
12.044:MOUSE:4:0
12.106:MOUSE:-4:0
12.137:MOUSE:1:0
12.169:MOUSE:-1:0
12.233:MOUSE:0:1
12.264:MOUSE:4:-1
12.389:MOUSE:-3:0
12.421:MOUSE:-1:0
12.452:MOUSE:4:0
12.483:MOUSE:-4:0
12.514:MOUSE:1:0
12.546:MOUSE:3:0
12.577:MOUSE:-4:0
12.608:MOUSE:4:0
12.670:MOUSE:-2:0
12.701:MOUSE:-2:0
12.732:MOUSE:4:0
12.764:MOUSE:-1:0
12.795:MOUSE:1:0
12.826:MOUSE:-3:0
12.888:MOUSE:3:0
12.950:MOUSE:-3:0
13.012:MOUSE:3:0
14.193:MOUSE_BTN:LEFT:UP
