0.000:MOUSE_ABS:626:289
0.137:MOUSE:0:1
0.167:MOUSE:1:0
0.198:MOUSE:2:0
0.214:MOUSE:1:0
0.230:MOUSE:2:0
0.245:MOUSE:2:0
0.261:MOUSE:2:0
0.276:MOUSE:2:0
0.292:MOUSE:1:0
0.400:MOUSE:3:0
0.432:MOUSE:18:-3
0.463:MOUSE:24:-2
0.479:MOUSE:15:-1
0.511:MOUSE:29:-1
0.541:MOUSE:16:-1
0.557:MOUSE:3:0
0.572:MOUSE:1:0
1.038:MOUSE:7:0
1.053:MOUSE:13:0
1.069:MOUSE:18:3
1.099:MOUSE:41:5
1.115:MOUSE:25:3
1.130:MOUSE:25:5
1.146:MOUSE:22:8
1.162:MOUSE:19:12
1.179:MOUSE:16:12
1.208:MOUSE:33:37
1.224:MOUSE:12:19
1.239:MOUSE:9:16
1.254:MOUSE:11:25
1.285:MOUSE:17:54
1.301:MOUSE:5:25
1.317:MOUSE:3:24
1.332:MOUSE:1:23
1.348:MOUSE:0:21
1.363:MOUSE:-3:17
1.379:MOUSE:-4:11
1.395:MOUSE:-8:15
1.410:MOUSE:-8:12
1.441:MOUSE:-20:16
1.472:MOUSE:-30:13
1.487:MOUSE:-18:4
1.503:MOUSE:-24:3
1.518:MOUSE:-26:0
1.549:MOUSE:-50:0
1.565:MOUSE:-25:0
1.597:MOUSE:-47:0
1.628:MOUSE:-44:0
1.659:MOUSE:-34:-1
1.690:MOUSE:-38:-6
1.721:MOUSE:-26:-9
1.752:MOUSE:-18:-14
1.783:MOUSE:-12:-18
1.814:MOUSE:-10:-24
1.845:MOUSE:-10:-24
1.877:MOUSE:-4:-24
1.907:MOUSE:0:-20
1.940:MOUSE:0:-25
1.970:MOUSE:4:-22
2.001:MOUSE:5:-24
2.032:MOUSE:7:-21
2.064:MOUSE:10:-24
2.094:MOUSE:11:-21
2.125:MOUSE:16:-26
2.157:MOUSE:16:-20
2.188:MOUSE:14:-15
2.218:MOUSE:15:-13
2.249:MOUSE:16:-11
2.280:MOUSE:17:-9
2.311:MOUSE:16:-7
2.343:MOUSE:17:-3
2.374:MOUSE:17:-4
2.405:MOUSE:19:-2
2.436:MOUSE:18:-1
2.467:MOUSE:8:0
2.498:MOUSE:2:0
2.653:MOUSE:-4:0
2.684:MOUSE:-8:4
2.715:MOUSE:-5:1
2.746:MOUSE:-3:0
3.119:MOUSE:0:-1
3.151:MOUSE:-1:0
3.213:MOUSE:-1:0
3.587:MOUSE_BTN:RIGHT:DOWN
3.959:MOUSE:0:1
3.990:MOUSE:0:-1
4.022:MOUSE:0:1
4.052:MOUSE:0:1
4.083:MOUSE:0:-2
4.115:MOUSE:0:1
4.145:MOUSE:0:2
4.177:MOUSE:0:-3
4.208:MOUSE:0:2
4.239:MOUSE:0:2
4.269:MOUSE:0:-3
4.301:MOUSE:0:3
4.331:MOUSE:0:-4
4.393:MOUSE:0:3
4.425:MOUSE:0:-1
4.455:MOUSE:0:-2
4.640:MOUSE_BTN:RIGHT:UP
5.043:MOUSE_BTN:RIGHT:DOWN
5.633:MOUSE:2:0
5.664:MOUSE:4:1
5.695:MOUSE:-6:-1
5.727:MOUSE:3:1
5.757:MOUSE:-3:-1
5.818:MOUSE:5:1
5.850:MOUSE:-5:-1
5.881:MOUSE:5:1
5.912:MOUSE:-1:-1
5.943:MOUSE:-4:0
5.973:MOUSE:4:0
6.005:MOUSE:0:1
6.036:MOUSE:-4:-1
6.067:MOUSE:2:1
6.099:MOUSE:-1:0
6.130:MOUSE:-1:-1
6.941:MOUSE_BTN:RIGHT:UP
7.409:MOUSE_BTN:RIGHT:DOWN
8.001:MOUSE:-4:0
8.032:MOUSE:-3:0
8.064:MOUSE:3:0
8.094:MOUSE:-4:0
8.125:MOUSE:4:0
8.156:MOUSE:-2:0
8.188:MOUSE:3:0
8.218:MOUSE:3:0
8.280:MOUSE:-5:0
8.343:MOUSE:5:0
8.436:MOUSE:-2:0
8.467:MOUSE:2:0
8.530:MOUSE:-2:0
8.560:MOUSE:-1:0
8.591:MOUSE:1:0
8.622:MOUSE:0:1
8.653:MOUSE:1:-1
8.716:MOUSE:1:0
9.273:MOUSE_BTN:RIGHT:UP
