0.467:MOUSE:-4:3
0.496:MOUSE:-14:13
0.528:MOUSE:-14:11
0.559:MOUSE:-4:3
0.728:MOUSE:-2:0
0.759:MOUSE:-18:0
0.790:MOUSE:-20:0
0.821:MOUSE:-16:0
0.852:MOUSE:-4:0
0.944:MOUSE_BTN:RIGHT:DOWN
2.241:MOUSE:2:1
2.287:MOUSE:-2:-1
2.333:MOUSE:0:1
2.380:MOUSE:1:-1
2.427:MOUSE:1:0
2.471:MOUSE:3:0
2.518:MOUSE:-4:0
2.564:MOUSE:-1:0
2.611:MOUSE:1:1
2.657:MOUSE:12:1
2.704:MOUSE:-12:-2
2.781:MOUSE:3:0
2.827:MOUSE:-2:0
2.873:MOUSE:5:2
2.920:MOUSE:-3:-1
2.967:MOUSE:-1:-1
3.013:MOUSE:5:0
3.059:MOUSE:2:1
3.108:MOUSE:-7:-1
3.153:MOUSE:2:2
3.200:MOUSE:-2:-2
3.246:MOUSE:-1:0
3.292:MOUSE:-2:0
3.338:MOUSE:4:1
3.385:MOUSE:0:-1
3.462:MOUSE:4:2
3.509:MOUSE:-5:-2
3.554:MOUSE:0:1
3.601:MOUSE:-1:0
3.647:MOUSE:-2:1
3.694:MOUSE:0:-2
4.328:MOUSE_BTN:RIGHT:UP
5.578:MOUSE_BTN:RIGHT:DOWN
6.586:MOUSE:-1:0
6.633:MOUSE:1:0
6.679:MOUSE:-3:0
6.726:MOUSE:3:0
6.772:MOUSE:-4:0
6.849:MOUSE:4:0
6.896:MOUSE:-4:0
6.943:MOUSE:2:0
6.991:MOUSE:-2:0
7.036:MOUSE:4:0
7.082:MOUSE:-4:0
7.159:MOUSE:-2:0
7.206:MOUSE:1:0
7.252:MOUSE:5:0
7.329:MOUSE:-4:0
7.406:MOUSE:-4:0
7.452:MOUSE:4:0
7.499:MOUSE:4:0
7.546:MOUSE:-6:0
7.592:MOUSE:2:0
7.639:MOUSE:-6:0
7.691:MOUSE:2:0
7.732:MOUSE:-1:0
7.778:MOUSE:9:0
7.825:MOUSE:-3:0
7.871:MOUSE:3:0
7.917:MOUSE:-2:0
7.994:MOUSE:1:0
8.040:MOUSE:-1:0
8.086:MOUSE:-2:1
8.133:MOUSE:-1:0
8.180:MOUSE:-7:1
8.226:MOUSE:12:-2
8.801:MOUSE:2:0
8.846:MOUSE:-2:2
8.893:MOUSE:0:-2
9.250:MOUSE_BTN:RIGHT:UP
