1.342:MOUSE_BTN:RIGHT:DOWN
2.039:MOUSE:1:0
2.069:MOUSE:-1:0
2.100:MOUSE:1:0
2.131:MOUSE:-1:0
2.161:MOUSE:1:0
2.256:MOUSE:-1:0
2.286:MOUSE:1:0
2.318:MOUSE:1:0
2.349:MOUSE:3:1
2.379:MOUSE:-4:-1
2.410:MOUSE:-1:0
2.441:MOUSE:3:1
2.472:MOUSE:3:0
2.502:MOUSE:-6:-1
2.533:MOUSE:3:1
2.563:MOUSE:1:0
2.624:MOUSE:-2:-1
2.686:MOUSE:-2:0
2.780:MOUSE:6:1
2.842:MOUSE:-6:-1
2.872:MOUSE:1:0
2.904:MOUSE:-1:0
3.432:MOUSE_BTN:RIGHT:UP
3.832:MOUSE_BTN:RIGHT:DOWN
4.297:MOUSE:-2:1
4.328:MOUSE:-4:0
4.359:MOUSE:-7:-1
4.390:MOUSE:11:0
4.421:MOUSE:-1:0
4.576:MOUSE:1:-2
4.607:MOUSE:-1:2
4.638:MOUSE:3:0
4.669:MOUSE:-3:0
4.700:MOUSE:-3:0
4.731:MOUSE:6:0
4.761:MOUSE:-3:0
4.792:MOUSE:-4:0
4.824:MOUSE:4:0
4.854:MOUSE:3:0
4.885:MOUSE:-6:0
4.916:MOUSE:-1:0
4.947:MOUSE:4:0
4.978:MOUSE:3:0
5.008:MOUSE:-2:0
5.039:MOUSE:-1:0
5.101:MOUSE:2:0
5.163:MOUSE:1:0
5.194:MOUSE:-1:0
5.225:MOUSE:1:0
5.567:MOUSE_BTN:RIGHT:UP
5.692:MOUSE:6:-5
5.722:MOUSE:15:-8
5.753:MOUSE:15:-8
5.784:MOUSE:9:-4
6.124:MOUSE_BTN:RIGHT:DOWN
6.248:MOUSE:-10:2
6.279:MOUSE:2:-1
6.310:MOUSE:4:0
6.340:MOUSE:-8:0
6.372:MOUSE:5:0
6.403:MOUSE:-1:0
6.433:MOUSE:-5:0
6.465:MOUSE:5:0
6.556:MOUSE:-4:0
6.587:MOUSE:8:0
6.618:MOUSE:-2:1
6.649:MOUSE:-2:0
6.681:MOUSE:2:-1
6.744:MOUSE:-2:0
6.775:MOUSE:4:0
6.806:MOUSE:-2:0
6.837:MOUSE:-1:1
6.868:MOUSE:2:-1
6.899:MOUSE:1:0
7.178:MOUSE_BTN:RIGHT:UP
7.582:MOUSE_BTN:RIGHT:DOWN
8.182:MOUSE:2:1
8.212:MOUSE:-2:-1
8.243:MOUSE:4:1
8.275:MOUSE:4:0
8.306:MOUSE:-4:-1
8.336:MOUSE:2:1
8.368:MOUSE:-3:-1
8.428:MOUSE:4:2
8.460:MOUSE:1:0
8.490:MOUSE:-4:-1
8.522:MOUSE:-4:-1
8.553:MOUSE:4:1
8.584:MOUSE:-1:-1
8.615:MOUSE:-1:0
8.647:MOUSE:-2:0
8.677:MOUSE:3:1
8.708:MOUSE:-1:0
8.739:MOUSE:-2:-1
8.770:MOUSE:2:0
8.802:MOUSE:4:1
8.847:MOUSE:-6:-1
9.313:MOUSE:3:0
9.345:MOUSE:-3:0
9.390:MOUSE:2:0
9.423:MOUSE:-1:0
9.453:MOUSE:2:0
9.484:MOUSE:1:0
9.561:MOUSE:4:1
9.592:MOUSE:-8:-1
9.639:MOUSE:3:1
9.686:MOUSE:-1:0
9.716:MOUSE:1:-1
9.746:MOUSE:-3:0
9.777:MOUSE:1:0
9.808:MOUSE:-1:0
10.258:MOUSE_BTN:RIGHT:UP
10.645:MOUSE_BTN:RIGHT:DOWN
11.202:MOUSE:-2:0
11.280:MOUSE:-2:0
11.328:MOUSE:4:0
11.403:MOUSE:-4:0
11.434:MOUSE:2:-1
11.481:MOUSE:-2:1
11.635:MOUSE:4:0
11.667:MOUSE:-8:0
11.699:MOUSE:6:0
11.744:MOUSE:-1:0
11.776:MOUSE:-1:0
11.808:MOUSE:3:1
11.854:MOUSE:1:0
11.885:MOUSE:-1:-1
11.931:MOUSE:1:0
12.256:MOUSE:0:2
12.302:MOUSE:0:-1
12.348:MOUSE:0:-1
12.580:MOUSE_BTN:RIGHT:UP
