0.000:MOUSE_ABS:637:296
1.535:MOUSE:1:0
1.550:MOUSE:7:0
1.567:MOUSE:5:0
1.597:MOUSE:20:0
1.627:MOUSE:23:0
1.658:MOUSE:21:0
1.690:MOUSE:20:0
1.721:MOUSE:15:0
1.752:MOUSE:9:0
1.784:MOUSE:12:1
1.815:MOUSE:8:0
1.846:MOUSE:4:0
2.435:MOUSE:1:-1
2.474:MOUSE:23:0
2.514:MOUSE:36:0
2.545:MOUSE:28:0
2.575:MOUSE:36:1
2.606:MOUSE:35:0
2.637:MOUSE:29:0
2.668:MOUSE:35:0
2.699:MOUSE:40:0
2.729:MOUSE:32:0
2.761:MOUSE:33:0
2.792:MOUSE:31:0
2.823:MOUSE:28:0
2.854:MOUSE:25:-1
2.886:MOUSE:17:0
2.916:MOUSE:11:0
2.947:MOUSE:4:0
3.133:MOUSE:-4:-2
3.165:MOUSE:-12:0
3.196:MOUSE:-28:-1
3.227:MOUSE:-41:-1
3.258:MOUSE:-43:0
3.288:MOUSE:-39:0
3.319:MOUSE:-42:0
3.350:MOUSE:-36:0
3.381:MOUSE:-26:0
3.412:MOUSE:-25:0
3.444:MOUSE:-19:0
3.475:MOUSE:-22:0
3.506:MOUSE:-21:0
3.537:MOUSE:-18:0
3.568:MOUSE:-19:0
3.599:MOUSE:-16:0
3.630:MOUSE:-14:0
3.660:MOUSE:-11:0
3.691:MOUSE:-11:0
3.722:MOUSE:-7:0
3.753:MOUSE:-4:0
4.246:MOUSE_BTN:RIGHT:DOWN
4.897:MOUSE:2:0
4.928:MOUSE:-2:0
5.054:MOUSE:5:0
5.086:MOUSE:-3:0
5.116:MOUSE:3:0
5.179:MOUSE:-5:0
5.210:MOUSE:4:0
5.242:MOUSE:1:0
5.273:MOUSE:-5:0
5.304:MOUSE:6:0
5.334:MOUSE:-2:0
5.365:MOUSE:-4:0
5.396:MOUSE:4:0
5.427:MOUSE:-2:0
5.457:MOUSE:-2:0
5.769:MOUSE:-7:0
5.800:MOUSE:7:0
5.831:MOUSE:-7:0
5.893:MOUSE:1:0
5.924:MOUSE:6:0
5.954:MOUSE:-6:0
6.016:MOUSE:6:0
6.047:MOUSE:-4:0
6.078:MOUSE:4:0
6.477:MOUSE_BTN:RIGHT:UP
7.192:MOUSE_BTN:LEFT:DOWN
8.062:MOUSE:10:0
8.093:MOUSE:-10:0
8.187:MOUSE:5:0
8.217:MOUSE:-1:0
8.248:MOUSE:-4:0
8.280:MOUSE:4:-1
8.341:MOUSE:2:0
8.372:MOUSE:-6:1
8.434:MOUSE:5:0
8.465:MOUSE:-1:0
8.496:MOUSE:-4:0
8.902:MOUSE:-4:0
8.934:MOUSE:-6:1
8.964:MOUSE:10:-1
8.995:MOUSE:-15:0
9.026:MOUSE:7:0
9.057:MOUSE:-8:0
9.088:MOUSE:10:0
9.120:MOUSE:1:0
9.150:MOUSE:1:0
9.181:MOUSE:4:0
9.213:MOUSE:-3:0
9.243:MOUSE:3:0
9.275:MOUSE:-3:0
9.305:MOUSE:3:0
9.428:MOUSE:-2:0
9.459:MOUSE:1:0
9.522:MOUSE:1:0
9.584:MOUSE:-1:0
9.614:MOUSE:1:0
9.985:MOUSE_BTN:LEFT:UP
