0.000:MOUSE_ABS:817:524
0.945:MOUSE:-3:-19
0.976:MOUSE:-2:-25
1.007:MOUSE:-1:-30
1.038:MOUSE:-2:-33
1.070:MOUSE:-3:-23
1.101:MOUSE:-6:-19
1.133:MOUSE:-4:-9
1.163:MOUSE:-4:-3
1.195:MOUSE:-4:-2
1.226:MOUSE:-12:-3
1.256:MOUSE:-10:-1
1.287:MOUSE:-4:-1
1.319:MOUSE:-1:0
1.350:MOUSE:-1:-4
1.382:MOUSE:0:-5
1.412:MOUSE:0:-4
1.443:MOUSE:0:-3
1.475:MOUSE:2:-3
1.505:MOUSE:0:-2
1.815:MOUSE_BTN:RIGHT:DOWN
2.127:MOUSE:6:3
2.159:MOUSE:6:0
2.189:MOUSE:-12:-3
2.220:MOUSE:5:0
2.252:MOUSE:4:1
2.282:MOUSE:-5:-1
2.343:MOUSE:-4:0
2.404:MOUSE:7:0
2.436:MOUSE:-3:0
2.467:MOUSE:-3:0
2.529:MOUSE:-1:0
3.492:MOUSE:-4:0
3.524:MOUSE:2:0
3.554:MOUSE:-2:0
3.586:MOUSE:-11:0
3.648:MOUSE:10:0
3.679:MOUSE:-3:0
3.711:MOUSE:2:0
3.741:MOUSE:2:0
3.773:MOUSE:-4:0
3.804:MOUSE:5:0
3.834:MOUSE:1:0
3.865:MOUSE:-1:0
3.897:MOUSE:-2:0
3.928:MOUSE:4:0
3.959:MOUSE:1:0
4.298:MOUSE_BTN:RIGHT:UP
4.455:MOUSE:-2:-1
4.485:MOUSE:-7:-4
4.517:MOUSE:-3:-4
4.549:MOUSE:-1:0
4.736:MOUSE_BTN:RIGHT:DOWN
4.875:MOUSE:1:8
4.907:MOUSE:0:5
4.938:MOUSE:0:1
4.968:MOUSE:0:-3
4.999:MOUSE:0:1
5.061:MOUSE:0:-4
5.092:MOUSE:0:9
5.123:MOUSE:0:4
5.154:MOUSE:0:-5
5.186:MOUSE:0:-4
5.217:MOUSE:0:-2
5.248:MOUSE:0:2
5.279:MOUSE:0:-1
5.311:MOUSE:0:-2
5.340:MOUSE:0:1
5.403:MOUSE:0:-1
5.434:MOUSE:0:-1
5.682:MOUSE:0:1
5.713:MOUSE:0:-1
5.744:MOUSE:0:1
5.775:MOUSE:0:-1
6.831:MOUSE_BTN:RIGHT:UP
