0.000:MOUSE_ABS:814:566
0.388:MOUSE:0:-4
0.403:MOUSE:0:-7
0.418:MOUSE:-3:-11
0.434:MOUSE:-2:-15
0.449:MOUSE:-3:-18
0.464:MOUSE:-4:-20
0.480:MOUSE:-4:-16
0.496:MOUSE:-8:-25
0.511:MOUSE:-3:-16
0.527:MOUSE:-4:-20
0.542:MOUSE:-4:-17
0.558:MOUSE:-2:-15
0.573:MOUSE:-3:-13
0.589:MOUSE:-4:-11
0.605:MOUSE:-3:-9
0.635:MOUSE:-2:-9
0.667:MOUSE:-3:-5
0.698:MOUSE:0:-1
1.781:MOUSE_BTN:RIGHT:DOWN
1.967:MOUSE:2:0
1.999:MOUSE:22:4
2.029:MOUSE:-11:-4
2.060:MOUSE:-1:1
2.091:MOUSE:-1:-1
2.122:MOUSE:1:0
2.154:MOUSE:4:0
2.185:MOUSE:-8:0
2.215:MOUSE:8:0
2.246:MOUSE:-4:0
2.278:MOUSE:3:0
2.308:MOUSE:5:0
2.340:MOUSE:-8:0
2.371:MOUSE:-4:0
2.402:MOUSE:7:0
2.433:MOUSE:-3:0
2.464:MOUSE:-3:0
2.495:MOUSE:6:0
2.526:MOUSE:-7:0
3.053:MOUSE:-2:0
3.084:MOUSE:-6:0
3.114:MOUSE:3:0
3.146:MOUSE:-9:0
3.177:MOUSE:10:0
3.207:MOUSE:-2:0
3.239:MOUSE:1:0
3.302:MOUSE:-4:0
3.333:MOUSE:-11:0
3.364:MOUSE:16:0
3.396:MOUSE:-4:0
3.425:MOUSE:4:0
3.456:MOUSE:-2:0
3.487:MOUSE:-2:0
3.518:MOUSE:4:0
3.580:MOUSE:-4:0
3.612:MOUSE:7:0
3.643:MOUSE:1:0
3.953:MOUSE_BTN:RIGHT:UP
4.233:MOUSE_BTN:LEFT:DOWN
4.357:MOUSE:-4:1
4.388:MOUSE:-24:1
4.419:MOUSE:14:-1
4.451:MOUSE:-2:0
4.482:MOUSE:8:0
4.512:MOUSE:-16:0
4.544:MOUSE:10:0
4.575:MOUSE:-2:0
4.605:MOUSE:7:0
4.636:MOUSE:1:0
5.007:MOUSE:4:0
5.038:MOUSE:2:0
5.069:MOUSE:16:0
5.101:MOUSE:-6:0
5.132:MOUSE:-16:0
5.163:MOUSE:11:0
5.193:MOUSE:-3:0
5.224:MOUSE:-5:0
5.255:MOUSE:-3:0
5.287:MOUSE:4:0
5.318:MOUSE:-4:0
5.380:MOUSE:2:0
5.412:MOUSE:-2:0
6.067:MOUSE_BTN:LEFT:UP
