0.664:504:DOWN
0.757:504:UP
1.684:600:DOWN
1.934:304:DOWN
2.738:302:DOWN
3.483:302:UP
4.353:302:DOWN
9.380:MOUSE:0:-1
13.579:MOUSE:0:-1
18.927:MOUSE:0:-1
20.136:MOUSE:0:-1
21.007:MOUSE:0:-1
22.031:MOUSE:0:-1
23.363:MOUSE:1:0
24.418:MOUSE:0:-1
24.759:MOUSE:1:0
24.790:MOUSE:0:-1
25.719:MOUSE:1:0
25.750:MOUSE:0:-2
25.811:304:UP
28.421:MOUSE:1:0
29.971:304:DOWN
33.703:MOUSE:1:0
34.785:MOUSE:0:-1
36.555:MOUSE:1:0
38.136:MOUSE:-1:0
38.167:MOUSE:-2:2
38.198:MOUSE:-3:4
38.230:MOUSE:-1:3
38.260:MOUSE:-2:0
38.291:MOUSE:-1:0
44.184:304:UP
44.215:302:UP
44.215:600:UP
44.432:504:DOWN
44.524:504:UP
