0.243:MOUSE:1:0
0.274:MOUSE:26:4
0.305:MOUSE:34:3
0.337:MOUSE:26:2
0.366:MOUSE:14:0
0.398:MOUSE:12:0
0.429:MOUSE:11:0
0.460:MOUSE:14:0
0.491:MOUSE:6:0
1.095:MOUSE_BTN:LEFT:DOWN
2.210:MOUSE:2:0
2.256:MOUSE:-2:0
2.396:MOUSE:6:0
2.441:MOUSE:-3:1
2.488:MOUSE:-1:-1
2.534:MOUSE:2:1
2.580:MOUSE:0:1
2.628:MOUSE:-4:-2
2.673:MOUSE:2:0
2.720:MOUSE:2:2
2.767:MOUSE:-4:-2
2.813:MOUSE:3:1
2.890:MOUSE:-1:-1
2.937:MOUSE:4:2
2.983:MOUSE:-6:-2
3.029:MOUSE:5:0
3.076:MOUSE:-5:0
3.154:MOUSE:6:0
3.199:MOUSE:-4:0
3.245:MOUSE:-2:0
3.293:MOUSE:2:0
3.430:MOUSE:2:0
3.476:MOUSE:-4:0
3.584:MOUSE:5:0
3.630:MOUSE:-5:0
3.677:MOUSE:6:0
3.723:MOUSE:-3:1
3.786:MOUSE:-1:-1
3.832:MOUSE:0:1
3.879:MOUSE:-2:-1
4.205:MOUSE_BTN:LEFT:UP
5.039:MOUSE_BTN:LEFT:DOWN
5.920:MOUSE:-1:0
5.967:MOUSE:1:0
6.045:MOUSE:-2:0
6.107:MOUSE:2:0
6.169:MOUSE:-2:0
6.231:MOUSE:2:0
6.278:MOUSE:-1:0
6.324:MOUSE:-1:0
6.371:MOUSE:2:0
6.447:MOUSE:-2:0
6.494:MOUSE:2:0
6.540:MOUSE:-3:0
6.586:MOUSE:1:0
6.633:MOUSE:-2:0
6.711:MOUSE:-4:0
6.758:MOUSE:2:0
6.804:MOUSE:3:0
6.851:MOUSE:1:0
6.897:MOUSE:-4:0
6.943:MOUSE:6:0
6.990:MOUSE:-3:0
7.037:MOUSE:-1:0
7.084:MOUSE:4:0
7.130:MOUSE:-2:0
7.177:MOUSE:2:0
7.222:MOUSE:-4:0
7.270:MOUSE:4:0
7.347:MOUSE:-2:0
7.394:MOUSE:2:0
7.441:MOUSE:-1:0
7.487:MOUSE:-1:0
7.534:MOUSE:2:0
7.580:MOUSE:-2:0
7.627:MOUSE:2:0
8.876:MOUSE_BTN:LEFT:UP
9.325:MOUSE_BTN:RIGHT:DOWN
9.804:MOUSE:-2:0
9.853:MOUSE:2:0
9.898:MOUSE:-2:0
9.945:MOUSE:2:0
9.991:MOUSE:-4:-1
10.038:MOUSE:4:1
10.084:MOUSE:-4:0
10.131:MOUSE:1:0
10.179:MOUSE:-3:0
10.226:MOUSE:3:1
10.271:MOUSE:1:-1
10.318:MOUSE:2:0
10.364:MOUSE:-2:0
10.412:MOUSE:-2:0
10.458:MOUSE:-1:0
10.504:MOUSE:5:0
10.552:MOUSE:-9:0
10.598:MOUSE:7:0
10.705:MOUSE:-3:0
10.751:MOUSE:5:0
10.797:MOUSE:-2:0
10.843:MOUSE:-2:0
10.889:MOUSE:3:0
10.936:MOUSE:-1:0
10.982:MOUSE:-1:0
11.028:MOUSE:1:0
11.074:MOUSE:2:0
11.121:MOUSE:-5:2
11.167:MOUSE:2:-2
11.213:MOUSE:1:0
11.353:MOUSE:1:0
11.431:MOUSE:1:0
11.478:MOUSE:-1:0
11.524:MOUSE:1:0
11.819:MOUSE_BTN:RIGHT:UP
12.360:MOUSE_BTN:RIGHT:DOWN
12.996:MOUSE:2:0
13.042:MOUSE:-2:0
13.119:MOUSE:2:0
13.165:MOUSE:2:2
13.212:MOUSE:-1:-2
13.258:MOUSE:-1:0
13.306:MOUSE:1:0
13.351:MOUSE:3:0
13.397:MOUSE:-3:0
13.444:MOUSE:1:0
13.492:MOUSE:-2:0
13.568:MOUSE:2:2
13.614:MOUSE:-1:-2
13.662:MOUSE:-1:0
13.708:MOUSE:4:0
13.754:MOUSE:2:2
13.800:MOUSE:-2:-2
13.847:MOUSE:-6:0
13.894:MOUSE:3:0
13.940:MOUSE:2:0
13.987:MOUSE:1:0
14.033:MOUSE:-4:0
14.078:MOUSE:-2:0
14.125:MOUSE:2:1
14.172:MOUSE:2:-1
14.218:MOUSE:-2:0
14.265:MOUSE:-2:0
14.312:MOUSE:2:0
14.357:MOUSE:-2:0
14.433:MOUSE:1:0
14.480:MOUSE:1:2
14.527:MOUSE:0:-1
14.573:MOUSE:-2:-1
15.019:MOUSE_BTN:RIGHT:UP
