0.000:MOUSE_ABS:619:291
1.072:MOUSE:1:0
1.133:MOUSE:35:7
1.180:MOUSE:23:6
1.226:MOUSE:10:2
1.272:MOUSE:19:6
1.319:MOUSE:19:7
1.365:MOUSE:3:0
1.412:MOUSE:9:5
1.458:MOUSE:16:12
1.505:MOUSE:1:0
2.092:MOUSE_BTN:RIGHT:DOWN
3.794:MOUSE:0:1
3.855:MOUSE:0:-1
4.132:MOUSE:2:0
4.194:MOUSE:-2:0
4.440:MOUSE:3:1
4.502:MOUSE:-3:-1
4.596:MOUSE:3:1
4.658:MOUSE:-3:-1
4.721:MOUSE:3:0
4.783:MOUSE:-3:0
4.844:MOUSE:2:0
4.906:MOUSE:0:1
4.968:MOUSE:-1:-1
5.030:MOUSE:-1:0
6.057:MOUSE:3:0
6.119:MOUSE:-3:0
6.242:MOUSE:3:1
6.304:MOUSE:-3:-1
6.398:MOUSE:3:0
6.460:MOUSE:-3:0
6.522:MOUSE:3:1
6.584:MOUSE:-1:-1
6.661:MOUSE:-2:0
6.754:MOUSE:1:0
6.848:MOUSE:0:1
6.909:MOUSE:0:-1
7.002:MOUSE:2:0
7.065:MOUSE:-3:0
7.251:MOUSE:2:1
7.328:MOUSE:-2:-1
7.979:MOUSE_BTN:RIGHT:UP
8.460:MOUSE_BTN:RIGHT:DOWN
9.451:MOUSE:-2:0
9.513:MOUSE:1:0
9.574:MOUSE:1:0
9.651:MOUSE:-1:0
9.774:MOUSE:1:0
9.835:MOUSE:-1:0
9.897:MOUSE:1:0
9.959:MOUSE:-1:0
10.052:MOUSE:-1:0
10.114:MOUSE:2:0
10.298:MOUSE:-1:0
10.422:MOUSE:1:0
11.352:MOUSE_BTN:RIGHT:UP
11.599:MOUSE_BTN:RIGHT:DOWN
12.467:MOUSE:-1:0
12.560:MOUSE:1:0
12.700:MOUSE:-1:1
12.762:MOUSE:1:-1
12.824:MOUSE:-1:0
12.886:MOUSE:1:0
12.948:MOUSE:-1:0
13.010:MOUSE:1:0
13.133:MOUSE:-1:0
13.258:MOUSE:1:0
13.319:MOUSE:-2:0
13.381:MOUSE:1:0
13.443:MOUSE:-1:0
13.505:MOUSE:2:0
14.066:MOUSE_BTN:RIGHT:UP
14.626:MOUSE_BTN:LEFT:DOWN
16.388:MOUSE:-4:0
16.480:MOUSE:-1:0
16.542:MOUSE:5:0
16.727:MOUSE:-4:0
16.789:MOUSE:-1:0
16.850:MOUSE:5:0
17.471:MOUSE_BTN:LEFT:UP
17.874:MOUSE_BTN:LEFT:DOWN
19.024:MOUSE:2:0
19.086:MOUSE:-2:0
19.149:MOUSE:4:1
19.210:MOUSE:-4:-1
19.333:MOUSE:-6:0
19.395:MOUSE:6:0
19.487:MOUSE:-12:-1
19.550:MOUSE:10:1
19.611:MOUSE:2:0
19.797:MOUSE:-1:0
19.858:MOUSE:1:0
20.074:MOUSE:2:0
20.137:MOUSE:-2:0
20.725:MOUSE_BTN:LEFT:UP
21.202:MOUSE_BTN:LEFT:DOWN
21.976:MOUSE:8:2
22.038:MOUSE:-8:-2
22.131:MOUSE:7:1
22.224:MOUSE:-7:-1
22.347:MOUSE:2:0
22.411:MOUSE:-2:0
22.473:MOUSE:3:0
22.535:MOUSE:-3:0
22.611:MOUSE:1:0
22.689:MOUSE:-1:0
22.783:MOUSE:3:0
22.846:MOUSE:-3:0
23.249:MOUSE_BTN:LEFT:UP
24.237:602:DOWN
24.546:602:UP
