0.000:MOUSE_ABS:602:291
0.232:MOUSE:-2:1
0.262:MOUSE:12:11
0.292:MOUSE:18:10
0.323:MOUSE:14:5
0.353:MOUSE:13:4
0.385:MOUSE:17:6
0.400:MOUSE:10:4
0.415:MOUSE:9:4
0.430:MOUSE:7:4
0.446:MOUSE:5:2
0.462:MOUSE:1:1
0.493:MOUSE:7:2
0.509:MOUSE:3:1
0.524:MOUSE:6:1
0.539:MOUSE:8:1
0.555:MOUSE:7:1
0.571:MOUSE:8:0
0.586:MOUSE:4:0
0.602:MOUSE:5:0
0.832:MOUSE:2:1
0.847:MOUSE:2:4
0.863:MOUSE:0:4
0.879:MOUSE:2:4
0.894:MOUSE:1:3
0.910:MOUSE:0:2
0.925:MOUSE:1:2
0.940:MOUSE:0:1
2.136:MOUSE:8:0
2.166:MOUSE:8:0
2.198:MOUSE:4:0
2.229:MOUSE:14:1
2.260:MOUSE:14:4
2.292:MOUSE:12:2
2.323:MOUSE:10:3
2.354:MOUSE:10:4
2.384:MOUSE:11:6
2.414:MOUSE:9:7
2.445:MOUSE:8:8
2.477:MOUSE:7:9
2.508:MOUSE:8:14
2.538:MOUSE:7:14
2.569:MOUSE:6:13
2.600:MOUSE:4:18
2.631:MOUSE:0:18
2.662:MOUSE:2:12
2.693:MOUSE:-1:13
2.724:MOUSE:-4:11
2.754:MOUSE:-5:10
2.786:MOUSE:-8:12
2.817:MOUSE:-8:10
2.847:MOUSE:-12:9
2.879:MOUSE:-8:5
2.911:MOUSE:-6:2
2.940:MOUSE:-6:2
2.971:MOUSE:-6:1
3.003:MOUSE:-1:0
3.127:MOUSE:-1:0
3.158:MOUSE:-15:0
3.189:MOUSE:-27:-4
3.220:MOUSE:-26:-5
3.252:MOUSE:-16:-5
3.283:MOUSE:-12:-6
3.314:MOUSE:-14:-8
3.345:MOUSE:-13:-9
3.375:MOUSE:-13:-11
3.407:MOUSE:-10:-14
3.438:MOUSE:-9:-15
3.469:MOUSE:-5:-17
3.499:MOUSE:-4:-18
3.530:MOUSE:0:-18
3.561:MOUSE:0:-18
3.591:MOUSE:0:-14
3.622:MOUSE:3:-11
3.653:MOUSE:3:-7
3.684:MOUSE:4:-8
3.715:MOUSE:5:-5
3.746:MOUSE:5:-7
3.777:MOUSE:10:-8
3.808:MOUSE:6:-4
3.839:MOUSE:8:-4
3.869:MOUSE:8:-4
3.901:MOUSE:8:-1
3.932:MOUSE:8:-3
3.963:MOUSE:4:0
3.994:MOUSE:7:-1
4.026:MOUSE:9:0
4.056:MOUSE:6:0
4.087:MOUSE:1:0
4.826:MOUSE_BTN:RIGHT:DOWN
6.126:MOUSE:1:0
6.157:MOUSE:-1:0
6.281:MOUSE:1:1
6.312:MOUSE:1:-1
6.343:MOUSE:-1:0
6.374:MOUSE:3:1
6.405:MOUSE:-3:-1
6.436:MOUSE:-1:0
6.468:MOUSE:1:0
6.529:MOUSE:-1:0
6.560:MOUSE:3:1
6.591:MOUSE:-2:0
6.622:MOUSE:-1:-1
6.683:MOUSE:1:0
6.715:MOUSE:0:1
6.746:MOUSE:-1:-1
6.807:MOUSE:1:0
6.838:MOUSE:0:1
6.869:MOUSE:-1:-1
8.231:MOUSE:1:0
8.261:MOUSE:-1:0
8.293:MOUSE:1:1
8.324:MOUSE:-1:-1
8.355:MOUSE:2:1
8.386:MOUSE:1:0
8.417:MOUSE:-1:-1
8.448:MOUSE:-2:0
8.479:MOUSE:3:0
8.510:MOUSE:1:1
8.541:MOUSE:-1:0
8.572:MOUSE:-3:-1
8.602:MOUSE:2:0
8.634:MOUSE:-2:0
8.664:MOUSE:1:0
8.695:MOUSE:-1:0
8.912:MOUSE:1:0
8.944:MOUSE:-1:0
9.547:MOUSE:-3:-1
9.593:MOUSE:-3:0
9.625:MOUSE:-1:-1
9.656:MOUSE:2:1
9.703:MOUSE:-4:0
9.734:MOUSE:9:1
9.765:MOUSE:-4:0
9.796:MOUSE:4:0
9.828:MOUSE:-11:0
9.874:MOUSE:11:0
9.905:MOUSE:-6:0
9.952:MOUSE:1:0
9.983:MOUSE:-1:0
10.014:MOUSE:6:0
10.106:MOUSE:-5:-1
10.137:MOUSE:1:0
10.168:MOUSE:1:1
10.214:MOUSE:3:0
10.244:MOUSE:-1:0
10.306:MOUSE:1:0
10.785:MOUSE_BTN:RIGHT:UP
10.988:MOUSE:-4:-4
11.036:MOUSE:-1:-3
11.439:MOUSE_BTN:LEFT:DOWN
11.916:MOUSE:-2:0
11.962:MOUSE:1:0
12.008:MOUSE:-1:0
12.070:MOUSE:2:0
12.132:MOUSE:-3:0
12.163:MOUSE:1:0
12.240:MOUSE:-1:0
12.302:MOUSE:0:-1
12.334:MOUSE:3:1
12.379:MOUSE:-1:0
12.441:MOUSE:1:0
12.519:MOUSE:-2:0
12.565:MOUSE:2:0
13.077:MOUSE:-2:0
13.124:MOUSE:-2:0
13.154:MOUSE:4:0
13.200:MOUSE:-4:0
13.247:MOUSE:1:0
13.310:MOUSE:3:0
13.356:MOUSE:-6:0
13.402:MOUSE:4:0
13.449:MOUSE:2:0
13.495:MOUSE:-1:0
13.526:MOUSE:-2:-1
13.572:MOUSE:3:1
13.618:MOUSE:-1:0
13.665:MOUSE:1:0
13.742:MOUSE:-1:0
13.787:MOUSE:1:0
14.144:MOUSE:4:0
14.191:MOUSE:1:1
14.237:MOUSE:-5:-1
14.283:MOUSE:6:2
14.329:MOUSE:1:-1
14.375:MOUSE:-1:0
14.407:MOUSE:-1:-1
14.453:MOUSE:-1:2
14.500:MOUSE:2:-1
14.546:MOUSE:-2:1
14.593:MOUSE:-4:-2
14.640:MOUSE:5:0
14.685:MOUSE:-3:2
14.732:MOUSE:2:-2
14.778:MOUSE:2:1
14.825:MOUSE:-6:-1
14.871:MOUSE:2:0
14.918:MOUSE:-2:0
14.966:MOUSE:1:0
15.042:MOUSE:-1:0
15.119:MOUSE:3:0
15.165:MOUSE:-3:0
15.706:MOUSE_BTN:LEFT:UP
