0.000:MOUSE_ABS:617:290
0.338:MOUSE:4:-1
0.355:MOUSE:15:-3
0.385:MOUSE:41:-4
0.401:MOUSE:20:-2
0.416:MOUSE:14:-1
0.431:MOUSE:16:0
0.447:MOUSE:12:0
0.462:MOUSE:9:-1
0.478:MOUSE:6:-1
0.494:MOUSE:4:0
0.510:MOUSE:1:0
1.491:MOUSE:1:0
1.507:MOUSE:4:0
1.523:MOUSE:5:0
1.538:MOUSE:5:0
1.553:MOUSE:6:0
1.569:MOUSE:4:0
1.615:MOUSE:14:0
1.646:MOUSE:10:0
1.678:MOUSE:16:0
1.708:MOUSE:19:0
1.739:MOUSE:25:0
1.772:MOUSE:25:0
1.802:MOUSE:22:0
1.833:MOUSE:20:0
1.864:MOUSE:17:0
1.895:MOUSE:24:0
1.925:MOUSE:26:0
1.956:MOUSE:22:0
1.987:MOUSE:24:0
2.017:MOUSE:23:0
2.049:MOUSE:23:0
2.080:MOUSE:24:0
2.110:MOUSE:27:0
2.142:MOUSE:24:0
2.173:MOUSE:21:0
2.204:MOUSE:21:0
2.235:MOUSE:16:0
2.266:MOUSE:8:0
2.297:MOUSE:5:0
2.329:MOUSE:2:0
2.826:MOUSE:0:1
2.858:MOUSE:11:1
2.889:MOUSE:6:0
2.919:MOUSE:1:0
2.951:MOUSE:1:0
3.043:MOUSE:2:0
3.074:MOUSE:6:0
3.105:MOUSE:8:0
3.136:MOUSE:6:0
3.167:MOUSE:5:0
3.198:MOUSE:2:0
3.229:MOUSE:1:0
3.664:MOUSE:-1:0
3.725:MOUSE:-8:0
3.756:MOUSE:-8:0
3.788:MOUSE:-14:2
3.819:MOUSE:-16:0
3.849:MOUSE:-20:0
3.881:MOUSE:-18:0
3.913:MOUSE:-18:0
3.944:MOUSE:-18:0
3.975:MOUSE:-16:0
4.005:MOUSE:-20:0
4.036:MOUSE:-17:0
4.066:MOUSE:-19:0
4.097:MOUSE:-18:-1
4.128:MOUSE:-12:-1
4.159:MOUSE:-16:0
4.191:MOUSE:-14:0
4.221:MOUSE:-12:-1
4.253:MOUSE:-12:-1
4.284:MOUSE:-13:-1
4.315:MOUSE:-17:-2
4.347:MOUSE:-20:-2
4.378:MOUSE:-20:-1
4.409:MOUSE:-16:-1
4.440:MOUSE:-11:0
4.471:MOUSE:-11:0
4.502:MOUSE:-8:0
4.534:MOUSE:-6:0
4.565:MOUSE:-4:0
4.596:MOUSE:-2:0
4.906:MOUSE:-2:1
4.937:MOUSE:-14:0
4.968:MOUSE:-25:0
4.999:MOUSE:-19:0
5.030:MOUSE:-16:0
5.060:MOUSE:-12:0
5.092:MOUSE:-10:0
5.123:MOUSE:-7:0
5.153:MOUSE:-1:0
5.184:MOUSE:-2:0
6.460:MOUSE:-1:0
6.491:MOUSE:-1:0
6.522:MOUSE:-2:0
6.800:MOUSE_BTN:RIGHT:DOWN
7.794:MOUSE:3:0
7.825:MOUSE:-3:0
7.886:MOUSE:1:0
7.918:MOUSE:1:0
7.948:MOUSE:-2:0
7.979:MOUSE:4:0
8.010:MOUSE:-1:0
8.071:MOUSE:-3:0
8.103:MOUSE:4:-1
8.135:MOUSE:-4:1
8.165:MOUSE:3:-1
8.196:MOUSE:-3:1
8.258:MOUSE:3:0
8.290:MOUSE:1:0
8.321:MOUSE:-4:0
8.383:MOUSE:3:0
8.414:MOUSE:-2:0
8.476:MOUSE:-1:0
8.507:MOUSE:2:0
8.538:MOUSE:1:0
8.569:MOUSE:0:-1
8.599:MOUSE:-2:1
8.630:MOUSE:-1:0
9.034:MOUSE:0:-1
9.065:MOUSE:0:1
9.933:MOUSE:-1:0
9.964:MOUSE:1:0
10.150:MOUSE:-2:0
10.182:MOUSE:2:0
10.213:MOUSE:-2:0
10.244:MOUSE:1:1
10.275:MOUSE:-3:0
10.306:MOUSE:1:-1
10.337:MOUSE:1:0
10.368:MOUSE:2:0
10.400:MOUSE:-2:0
10.430:MOUSE:1:0
10.492:MOUSE:1:0
10.679:MOUSE:-4:0
10.710:MOUSE:3:0
10.741:MOUSE:1:0
10.803:MOUSE:-2:0
10.835:MOUSE:2:0
10.867:MOUSE:-2:0
10.928:MOUSE:2:0
10.961:MOUSE:-2:0
10.992:MOUSE:2:0
11.023:MOUSE:-1:0
11.054:MOUSE:1:0
11.645:MOUSE_BTN:RIGHT:UP
12.050:MOUSE_BTN:LEFT:DOWN
12.670:MOUSE:3:0
12.701:MOUSE:1:0
12.733:MOUSE:-4:0
12.826:MOUSE:2:0
12.857:MOUSE:1:0
12.888:MOUSE:-3:0
12.951:MOUSE:3:0
12.982:MOUSE:1:0
13.012:MOUSE:-4:0
13.043:MOUSE:3:0
13.074:MOUSE:-1:0
13.105:MOUSE:2:0
13.136:MOUSE:-4:0
13.167:MOUSE:4:0
13.199:MOUSE:-2:0
13.260:MOUSE:-2:0
13.291:MOUSE:3:0
13.321:MOUSE:1:0
13.354:MOUSE:-4:0
13.415:MOUSE:2:0
13.447:MOUSE:0:-1
13.509:MOUSE:-2:1
13.540:MOUSE:3:0
13.601:MOUSE:-1:0
13.632:MOUSE:-2:0
13.664:MOUSE:1:0
13.695:MOUSE:-1:0
13.726:MOUSE:1:0
13.757:MOUSE:-1:0
14.035:MOUSE:2:0
14.066:MOUSE:-2:0
14.454:MOUSE:3:0
14.486:MOUSE:-2:0
14.517:MOUSE:1:-1
14.549:MOUSE:-1:0
14.579:MOUSE:1:1
14.610:MOUSE:-2:0
15.047:MOUSE:4:0
15.078:MOUSE:1:0
15.109:MOUSE:-5:0
15.139:MOUSE:3:0
15.170:MOUSE:-3:0
15.202:MOUSE:2:0
15.232:MOUSE:-2:0
15.294:MOUSE:2:0
15.324:MOUSE:-2:0
15.822:MOUSE:-1:0
15.852:MOUSE:1:0
15.883:MOUSE:-3:0
15.945:MOUSE:-5:0
15.977:MOUSE:8:0
16.102:MOUSE:-4:0
16.131:MOUSE:4:0
16.163:MOUSE:-6:0
16.194:MOUSE:3:0
16.224:MOUSE:3:0
16.255:MOUSE:-3:2
16.287:MOUSE:-1:-1
16.318:MOUSE:1:-1
16.349:MOUSE:3:0
16.379:MOUSE:-2:0
16.410:MOUSE:2:0
16.442:MOUSE:-3:1
16.473:MOUSE:3:-1
16.504:MOUSE:-1:0
16.535:MOUSE:1:0
16.629:MOUSE:-3:0
16.660:MOUSE:3:0
16.691:MOUSE:-2:0
16.722:MOUSE:1:0
16.753:MOUSE:1:0
16.845:MOUSE:-2:0
16.875:MOUSE:2:0
16.906:MOUSE:-1:0
16.938:MOUSE:-2:0
16.969:MOUSE:3:0
17.930:MOUSE_BTN:LEFT:UP
