0.000:MOUSE_ABS:642:290
0.426:MOUSE:2:0
0.457:MOUSE:10:0
0.489:MOUSE:10:1
0.504:MOUSE:6:0
0.535:MOUSE:16:3
0.565:MOUSE:24:0
0.596:MOUSE:27:0
0.611:MOUSE:15:0
0.626:MOUSE:14:0
0.643:MOUSE:16:0
0.673:MOUSE:30:0
0.704:MOUSE:25:0
0.720:MOUSE:12:0
0.735:MOUSE:12:0
0.752:MOUSE:15:0
0.782:MOUSE:29:0
0.797:MOUSE:12:0
0.828:MOUSE:25:0
0.859:MOUSE:23:0
0.874:MOUSE:11:0
0.905:MOUSE:17:0
0.921:MOUSE:7:0
0.936:MOUSE:9:0
0.951:MOUSE:9:0
0.967:MOUSE:8:-1
0.984:MOUSE:8:0
1.014:MOUSE:10:0
1.029:MOUSE:4:0
1.045:MOUSE:2:0
1.075:MOUSE:12:0
1.091:MOUSE:4:0
1.121:MOUSE:3:0
1.799:MOUSE:0:5
1.830:MOUSE:0:13
1.862:MOUSE:0:19
1.892:MOUSE:0:16
1.923:MOUSE:0:19
1.954:MOUSE:0:20
1.986:MOUSE:0:17
2.031:MOUSE:1:24
2.063:MOUSE:2:20
2.094:MOUSE:0:20
2.125:MOUSE:0:16
2.156:MOUSE:1:21
2.187:MOUSE:1:20
2.218:MOUSE:2:19
2.248:MOUSE:0:13
2.279:MOUSE:1:16
2.311:MOUSE:0:19
2.341:MOUSE:0:17
2.373:MOUSE:0:11
2.405:MOUSE:1:7
2.436:MOUSE:0:1
2.855:MOUSE:-4:1
2.887:MOUSE:-7:0
2.917:MOUSE:-7:0
2.948:MOUSE:-9:0
2.980:MOUSE:-17:0
3.009:MOUSE:-24:0
3.041:MOUSE:-24:0
3.071:MOUSE:-28:0
3.103:MOUSE:-31:0
3.134:MOUSE:-37:0
3.165:MOUSE:-40:0
3.196:MOUSE:-34:0
3.227:MOUSE:-34:-1
3.258:MOUSE:-36:-1
3.305:MOUSE:-44:-2
3.335:MOUSE:-27:0
3.367:MOUSE:-28:-1
3.398:MOUSE:-36:-2
3.443:MOUSE:-45:-1
3.473:MOUSE:-24:0
3.504:MOUSE:-20:0
3.536:MOUSE:-4:0
4.353:MOUSE:0:-1
4.400:MOUSE:0:-16
4.430:MOUSE:0:-16
4.461:MOUSE:3:-18
4.492:MOUSE:4:-19
4.524:MOUSE:4:-17
4.554:MOUSE:3:-19
4.585:MOUSE:4:-19
4.616:MOUSE:5:-18
4.647:MOUSE:3:-18
4.678:MOUSE:2:-18
4.724:MOUSE:3:-25
4.755:MOUSE:1:-17
4.802:MOUSE:4:-28
4.832:MOUSE:3:-16
4.864:MOUSE:4:-15
4.910:MOUSE:1:-13
4.941:MOUSE:2:-2
5.747:MOUSE:4:0
5.792:MOUSE:14:1
5.839:MOUSE:19:1
5.871:MOUSE:19:1
5.901:MOUSE:28:3
5.932:MOUSE:30:4
5.963:MOUSE:32:1
5.995:MOUSE:27:3
6.040:MOUSE:28:1
6.073:MOUSE:13:0
6.118:MOUSE:3:0
6.551:MOUSE:-2:0
6.582:MOUSE:-1:-1
7.729:MOUSE_BTN:RIGHT:DOWN
8.346:MOUSE:2:0
8.392:MOUSE:-2:0
8.453:MOUSE:3:0
8.485:MOUSE:-3:0
8.547:MOUSE:4:1
8.577:MOUSE:3:0
8.623:MOUSE:-3:1
8.655:MOUSE:0:-2
8.685:MOUSE:1:0
8.716:MOUSE:-5:0
8.763:MOUSE:5:0
8.809:MOUSE:-1:0
8.855:MOUSE:-4:0
10.014:MOUSE:6:2
10.060:MOUSE:-3:-1
10.091:MOUSE:1:1
10.123:MOUSE:4:0
10.169:MOUSE:-4:-1
10.215:MOUSE:0:1
10.278:MOUSE:0:-1
10.323:MOUSE:0:-1
10.354:MOUSE:0:1
10.400:MOUSE:-4:-1
10.447:MOUSE:4:2
10.492:MOUSE:-2:-2
10.540:MOUSE:-2:0
10.987:MOUSE_BTN:RIGHT:UP
11.513:MOUSE_BTN:LEFT:DOWN
12.273:MOUSE:-1:0
12.304:MOUSE:1:0
12.350:MOUSE:-2:0
12.382:MOUSE:-1:0
12.412:MOUSE:3:0
12.489:MOUSE:-4:0
12.536:MOUSE:4:0
12.582:MOUSE:-4:0
12.628:MOUSE:4:0
12.676:MOUSE:-4:0
12.706:MOUSE:-3:0
12.737:MOUSE:5:0
12.767:MOUSE:1:0
12.814:MOUSE:1:0
12.876:MOUSE:-1:0
12.907:MOUSE:1:0
13.603:MOUSE:-1:0
13.634:MOUSE:-1:0
13.666:MOUSE:2:0
13.696:MOUSE:-3:0
13.759:MOUSE:-1:0
13.804:MOUSE:2:0
13.835:MOUSE:2:0
13.867:MOUSE:-4:0
13.898:MOUSE:4:0
13.944:MOUSE:-4:0
13.975:MOUSE:1:0
14.022:MOUSE:-1:0
14.053:MOUSE:-2:0
14.084:MOUSE:3:0
14.130:MOUSE:-2:0
14.161:MOUSE:3:0
14.193:MOUSE:1:0
14.239:MOUSE:1:0
14.919:MOUSE_BTN:LEFT:UP
